<?xml version="1.0" encoding="UTF-8" ?>
<testsuite tests="7" failures="1" name="TestSuite" time="12.892" errors="0" skipped="0">
  <properties>
[...]
</properties>
  <testcase classname="com.test.demo.ZTJGTest" name="getTest" time="1.122">
    <failure message="expected [11] but found [3]" type="java.lang.AssertionError">java.lang.AssertionError: expected [11] but found [3]
	at org.testng.Assert.fail(Assert.java:94)
	at org.testng.Assert.failNotEquals(Assert.java:494)
	at org.testng.Assert.assertEquals(Assert.java:123)
	at org.testng.Assert.assertEquals(Assert.java:370)
	at org.testng.Assert.assertEquals(Assert.java:380)
	at com.test.demo.ZTJGTest.getTest(ZTJGTest.java:96)
</failure>
    <system-out>@HL
@HL-------------------------------------------------------
@HL T E S T S
@HL-------------------------------------------------------
@SLRunning TestSuite
runmode:test
ZTJGUserName:qidongxu
database.url.jy_biz_open_eval:jdbc:mysql://192.168.4.82:3306/jy_biz_open_eval?user=root&amp;password=zszc
domain:http://trade.ztzc-test.zszc.jianshicha.cn/api
ZTJGPassword:Cc123456
HBJZUserName:zzlei1
HBJZPassword:Cc123456
08:59:51.924 [main] DEBUG org.apache.http.client.protocol.RequestAddCookies - CookieSpec selected: default
08:59:51.930 [main] DEBUG org.apache.http.client.protocol.RequestAuthCache - Auth cache not set in the context
08:59:51.931 [main] DEBUG org.apache.http.impl.conn.PoolingHttpClientConnectionManager - Connection request: [route: {}-&gt;http://website.ztzc-test.zszc.jianshicha.cn:80][total kept alive: 0; route allocated: 0 of 2; total allocated: 0 of 20]
08:59:51.939 [main] DEBUG org.apache.http.impl.conn.PoolingHttpClientConnectionManager - Connection leased: [id: 0][route: {}-&gt;http://website.ztzc-test.zszc.jianshicha.cn:80][total kept alive: 0; route allocated: 1 of 2; total allocated: 1 of 20]
08:59:51.941 [main] DEBUG org.apache.http.impl.execchain.MainClientExec - Opening connection {}-&gt;http://website.ztzc-test.zszc.jianshicha.cn:80
08:59:52.082 [main] DEBUG org.apache.http.impl.conn.DefaultHttpClientConnectionOperator - Connecting to website.ztzc-test.zszc.jianshicha.cn/114.118.2.62:80
08:59:52.114 [main] DEBUG org.apache.http.impl.conn.DefaultHttpClientConnectionOperator - Connection established 192.168.108.227:51951&lt;-&gt;114.118.2.62:80
08:59:52.114 [main] DEBUG org.apache.http.impl.execchain.MainClientExec - Executing request POST /api/etbuser/ztkLogin HTTP/1.1
08:59:52.114 [main] DEBUG org.apache.http.impl.execchain.MainClientExec - Target auth state: UNCHALLENGED
08:59:52.115 [main] DEBUG org.apache.http.impl.execchain.MainClientExec - Proxy auth state: UNCHALLENGED
08:59:52.116 [main] DEBUG org.apache.http.headers - http-outgoing-0 &gt;&gt; POST /api/etbuser/ztkLogin HTTP/1.1
08:59:52.116 [main] DEBUG org.apache.http.headers - http-outgoing-0 &gt;&gt; Content-Type: application/json
08:59:52.116 [main] DEBUG org.apache.http.headers - http-outgoing-0 &gt;&gt; login-token: 
08:59:52.116 [main] DEBUG org.apache.http.headers - http-outgoing-0 &gt;&gt; Content-Length: 224
08:59:52.116 [main] DEBUG org.apache.http.headers - http-outgoing-0 &gt;&gt; Host: website.ztzc-test.zszc.jianshicha.cn
08:59:52.116 [main] DEBUG org.apache.http.headers - http-outgoing-0 &gt;&gt; Connection: Keep-Alive
08:59:52.116 [main] DEBUG org.apache.http.headers - http-outgoing-0 &gt;&gt; User-Agent: Apache-HttpClient/4.5.5 (Java/11.0.24)
08:59:52.116 [main] DEBUG org.apache.http.headers - http-outgoing-0 &gt;&gt; Accept-Encoding: gzip,deflate
08:59:52.116 [main] DEBUG org.apache.http.wire - http-outgoing-0 &gt;&gt; &quot;POST /api/etbuser/ztkLogin HTTP/1.1[\r][\n]&quot;
08:59:52.116 [main] DEBUG org.apache.http.wire - http-outgoing-0 &gt;&gt; &quot;Content-Type: application/json[\r][\n]&quot;
08:59:52.116 [main] DEBUG org.apache.http.wire - http-outgoing-0 &gt;&gt; &quot;login-token: [\r][\n]&quot;
08:59:52.116 [main] DEBUG org.apache.http.wire - http-outgoing-0 &gt;&gt; &quot;Content-Length: 224[\r][\n]&quot;
08:59:52.116 [main] DEBUG org.apache.http.wire - http-outgoing-0 &gt;&gt; &quot;Host: website.ztzc-test.zszc.jianshicha.cn[\r][\n]&quot;
08:59:52.116 [main] DEBUG org.apache.http.wire - http-outgoing-0 &gt;&gt; &quot;Connection: Keep-Alive[\r][\n]&quot;
08:59:52.117 [main] DEBUG org.apache.http.wire - http-outgoing-0 &gt;&gt; &quot;User-Agent: Apache-HttpClient/4.5.5 (Java/11.0.24)[\r][\n]&quot;
08:59:52.117 [main] DEBUG org.apache.http.wire - http-outgoing-0 &gt;&gt; &quot;Accept-Encoding: gzip,deflate[\r][\n]&quot;
08:59:52.117 [main] DEBUG org.apache.http.wire - http-outgoing-0 &gt;&gt; &quot;[\r][\n]&quot;
08:59:52.117 [main] DEBUG org.apache.http.wire - http-outgoing-0 &gt;&gt; &quot;{&quot;username&quot;:&quot;qidongxu&quot;,&quot;password&quot;:&quot;FgkfQSebLHfKSgqbHhZKcUxfW_zkOQ862jnhqZ9iwj8UBDI_6E9a7PDTx5PivBMkW917EZ5cIS8NVhTL4VTqcfnxEGg5slziqP4WprgLFeWKAVHwpOD1UEPCuxAVAUwjiYxIGznyhW1ZChA6lcfq3qRKFru2zgwRQU6ziiUeZb4=&quot;,&quot;identity&quot;:&quot;1&quot;}&quot;
08:59:52.794 [main] DEBUG org.apache.http.wire - http-outgoing-0 &lt;&lt; &quot;HTTP/1.1 200 OK[\r][\n]&quot;
08:59:52.794 [main] DEBUG org.apache.http.wire - http-outgoing-0 &lt;&lt; &quot;Server: ************[\r][\n]&quot;
08:59:52.794 [main] DEBUG org.apache.http.wire - http-outgoing-0 &lt;&lt; &quot;Date: Mon, 09 Dec 2024 00:59:52 GMT[\r][\n]&quot;
08:59:52.795 [main] DEBUG org.apache.http.wire - http-outgoing-0 &lt;&lt; &quot;Content-Type: application/json;charset=utf-8[\r][\n]&quot;
08:59:52.795 [main] DEBUG org.apache.http.wire - http-outgoing-0 &lt;&lt; &quot;Content-Length: 781[\r][\n]&quot;
08:59:52.795 [main] DEBUG org.apache.http.wire - http-outgoing-0 &lt;&lt; &quot;Connection: keep-alive[\r][\n]&quot;
08:59:52.795 [main] DEBUG org.apache.http.wire - http-outgoing-0 &lt;&lt; &quot;Cache-Control: no-cache, no-store, max-age=0, must-revalidate[\r][\n]&quot;
08:59:52.795 [main] DEBUG org.apache.http.wire - http-outgoing-0 &lt;&lt; &quot;Expires: 0[\r][\n]&quot;
08:59:52.795 [main] DEBUG org.apache.http.wire - http-outgoing-0 &lt;&lt; &quot;Pragma: no-cache[\r][\n]&quot;
08:59:52.795 [main] DEBUG org.apache.http.wire - http-outgoing-0 &lt;&lt; &quot;Referrer-Policy: no-referrer[\r][\n]&quot;
08:59:52.795 [main] DEBUG org.apache.http.wire - http-outgoing-0 &lt;&lt; &quot;Set-Cookie: sc-lb-instance-id=10.244.142.11#8080#DEFAULT#DEFAULT_GROUP@@user; Path=/; Max-Age=315360000; Expires=Thu, 07 Dec 2034 00:59:52 GMT; HttpOnly; SameSite=Lax[\r][\n]&quot;
08:59:52.795 [main] DEBUG org.apache.http.wire - http-outgoing-0 &lt;&lt; &quot;X-Content-Type-Options: nosniff[\r][\n]&quot;
08:59:52.795 [main] DEBUG org.apache.http.wire - http-outgoing-0 &lt;&lt; &quot;X-Frame-Options: DENY[\r][\n]&quot;
08:59:52.795 [main] DEBUG org.apache.http.wire - http-outgoing-0 &lt;&lt; &quot;X-Xss-Protection: 1; mode=block[\r][\n]&quot;
08:59:52.796 [main] DEBUG org.apache.http.wire - http-outgoing-0 &lt;&lt; &quot;[\r][\n]&quot;
08:59:52.796 [main] DEBUG org.apache.http.wire - http-outgoing-0 &lt;&lt; &quot;{&quot;msg&quot;:&quot;[0xe7][0x99][0xbb][0xe5][0xbd][0x95][0xe6][0x88][0x90][0xe5][0x8a][0x9f]&quot;,&quot;code&quot;:200,&quot;data&quot;:{&quot;access_token&quot;:&quot;eyJ4NXQjUzI1NiI6Im02OXFnMnMxeE1NQkFuRFBtLTRyYkZSanNpRWxJSkVSOVRRbTVfT256RmMiLCJraWQiOiJiaWRkaW5nIiwiYWxnIjoiUlMyNTYifQ.eyJzdWIiOiIxODUyMTUzNzQzOTY2MTMwMTc2IiwiYXVkIjoiNWRkZmE2ODJkZWQyZWVjOWI1MGI4OTE5YzhmYTRjNDQiLCJuYmYiOjE3MzM3MDU5OTIsImlzcyI6Imh0dHA6XC9cL2xvY2FsaG9zdDo5MDAwIiwiZXhwIjoxNzMzNzA2MjkyLCJpYXQiOjE3MzM3MDU5OTIsImp0aSI6IjhhMzEwMDE5NTAzNzQxNmM5NjFmODgwZDQzNzU2NWQ1In0.NKF0dqpjNQ_qWrUzfVOmEXeRkDW_o6VqlbpAFgpAzyZ1FFGLeAqSRlj_3XlZT8CaHttBKtXh66ggP19RLH365BgCIylXNZUkH0Je0oStvKdeCrqgrvuNjw33Hdz3hJCDP8Yo2wOaVAS_GmXgt8gOZkCEoIlRTf4ZDiwxUoPmfpoZz0552tofFxeZxQjO2NbDbNDGrn6t0wW1klqP6RjcNrVxWvl1VaPF4YmIUpop83PjV3Uy67eSxE4WVCbGXk3rGYSAFUDBW3aLV_8KE_zzb99lCblzheojg4DiV0Ch9Gd0KO9uU1ig75K79FZEJAEO4sgrMLCEdg_KEXsXoKE0Eg&quot;}}&quot;
08:59:52.800 [main] DEBUG org.apache.http.headers - http-outgoing-0 &lt;&lt; HTTP/1.1 200 OK
08:59:52.800 [main] DEBUG org.apache.http.headers - http-outgoing-0 &lt;&lt; Server: ************
08:59:52.800 [main] DEBUG org.apache.http.headers - http-outgoing-0 &lt;&lt; Date: Mon, 09 Dec 2024 00:59:52 GMT
08:59:52.800 [main] DEBUG org.apache.http.headers - http-outgoing-0 &lt;&lt; Content-Type: application/json;charset=utf-8
08:59:52.800 [main] DEBUG org.apache.http.headers - http-outgoing-0 &lt;&lt; Content-Length: 781
08:59:52.800 [main] DEBUG org.apache.http.headers - http-outgoing-0 &lt;&lt; Connection: keep-alive
08:59:52.800 [main] DEBUG org.apache.http.headers - http-outgoing-0 &lt;&lt; Cache-Control: no-cache, no-store, max-age=0, must-revalidate
08:59:52.800 [main] DEBUG org.apache.http.headers - http-outgoing-0 &lt;&lt; Expires: 0
08:59:52.800 [main] DEBUG org.apache.http.headers - http-outgoing-0 &lt;&lt; Pragma: no-cache
08:59:52.800 [main] DEBUG org.apache.http.headers - http-outgoing-0 &lt;&lt; Referrer-Policy: no-referrer
08:59:52.800 [main] DEBUG org.apache.http.headers - http-outgoing-0 &lt;&lt; Set-Cookie: sc-lb-instance-id=10.244.142.11#8080#DEFAULT#DEFAULT_GROUP@@user; Path=/; Max-Age=315360000; Expires=Thu, 07 Dec 2034 00:59:52 GMT; HttpOnly; SameSite=Lax
08:59:52.800 [main] DEBUG org.apache.http.headers - http-outgoing-0 &lt;&lt; X-Content-Type-Options: nosniff
08:59:52.800 [main] DEBUG org.apache.http.headers - http-outgoing-0 &lt;&lt; X-Frame-Options: DENY
08:59:52.800 [main] DEBUG org.apache.http.headers - http-outgoing-0 &lt;&lt; X-Xss-Protection: 1; mode=block
08:59:52.803 [main] DEBUG org.apache.http.impl.execchain.MainClientExec - Connection can be kept alive indefinitely
08:59:52.810 [main] WARN org.apache.http.client.protocol.ResponseProcessCookies - Invalid cookie header: &quot;Set-Cookie: sc-lb-instance-id=10.244.142.11#8080#DEFAULT#DEFAULT_GROUP@@user; Path=/; Max-Age=315360000; Expires=Thu, 07 Dec 2034 00:59:52 GMT; HttpOnly; SameSite=Lax&quot;. Invalid &apos;expires&apos; attribute: Thu, 07 Dec 2034 00:59:52 GMT
08:59:52.811 [main] DEBUG org.apache.http.impl.conn.PoolingHttpClientConnectionManager - Connection [id: 0][route: {}-&gt;http://website.ztzc-test.zszc.jianshicha.cn:80] can be kept alive indefinitely
08:59:52.811 [main] DEBUG org.apache.http.impl.conn.DefaultManagedHttpClientConnection - http-outgoing-0: set socket timeout to 0
08:59:52.811 [main] DEBUG org.apache.http.impl.conn.PoolingHttpClientConnectionManager - Connection released: [id: 0][route: {}-&gt;http://website.ztzc-test.zszc.jianshicha.cn:80][total kept alive: 1; route allocated: 1 of 2; total allocated: 1 of 20]
08:59:52.867 [main] DEBUG org.apache.http.impl.conn.PoolingHttpClientConnectionManager - Connection manager is shutting down
08:59:52.868 [main] DEBUG org.apache.http.impl.conn.DefaultManagedHttpClientConnection - http-outgoing-0: Close connection
08:59:52.868 [main] DEBUG org.apache.http.impl.conn.PoolingHttpClientConnectionManager - Connection manager shut down
08:59:52.879 [main] DEBUG org.apache.http.client.protocol.RequestAddCookies - CookieSpec selected: default
08:59:52.880 [main] DEBUG org.apache.http.client.protocol.RequestAuthCache - Auth cache not set in the context
08:59:52.880 [main] DEBUG org.apache.http.impl.conn.PoolingHttpClientConnectionManager - Connection request: [route: {}-&gt;http://website.ztzc-test.zszc.jianshicha.cn:80][total kept alive: 0; route allocated: 0 of 2; total allocated: 0 of 20]
08:59:52.880 [main] DEBUG org.apache.http.impl.conn.PoolingHttpClientConnectionManager - Connection leased: [id: 1][route: {}-&gt;http://website.ztzc-test.zszc.jianshicha.cn:80][total kept alive: 0; route allocated: 1 of 2; total allocated: 1 of 20]
08:59:52.880 [main] DEBUG org.apache.http.impl.execchain.MainClientExec - Opening connection {}-&gt;http://website.ztzc-test.zszc.jianshicha.cn:80
08:59:52.880 [main] DEBUG org.apache.http.impl.conn.DefaultHttpClientConnectionOperator - Connecting to website.ztzc-test.zszc.jianshicha.cn/114.118.2.62:80
08:59:52.895 [main] DEBUG org.apache.http.impl.conn.DefaultHttpClientConnectionOperator - Connection established 192.168.108.227:51952&lt;-&gt;114.118.2.62:80
08:59:52.896 [main] DEBUG org.apache.http.impl.execchain.MainClientExec - Executing request POST /api/etbuser/ztkLogin HTTP/1.1
08:59:52.896 [main] DEBUG org.apache.http.impl.execchain.MainClientExec - Target auth state: UNCHALLENGED
08:59:52.896 [main] DEBUG org.apache.http.impl.execchain.MainClientExec - Proxy auth state: UNCHALLENGED
08:59:52.896 [main] DEBUG org.apache.http.headers - http-outgoing-1 &gt;&gt; POST /api/etbuser/ztkLogin HTTP/1.1
08:59:52.896 [main] DEBUG org.apache.http.headers - http-outgoing-1 &gt;&gt; Content-Type: application/json
08:59:52.896 [main] DEBUG org.apache.http.headers - http-outgoing-1 &gt;&gt; login-token: 
08:59:52.896 [main] DEBUG org.apache.http.headers - http-outgoing-1 &gt;&gt; Content-Length: 222
08:59:52.896 [main] DEBUG org.apache.http.headers - http-outgoing-1 &gt;&gt; Host: website.ztzc-test.zszc.jianshicha.cn
08:59:52.896 [main] DEBUG org.apache.http.headers - http-outgoing-1 &gt;&gt; Connection: Keep-Alive
08:59:52.896 [main] DEBUG org.apache.http.headers - http-outgoing-1 &gt;&gt; User-Agent: Apache-HttpClient/4.5.5 (Java/11.0.24)
08:59:52.896 [main] DEBUG org.apache.http.headers - http-outgoing-1 &gt;&gt; Accept-Encoding: gzip,deflate
08:59:52.896 [main] DEBUG org.apache.http.wire - http-outgoing-1 &gt;&gt; &quot;POST /api/etbuser/ztkLogin HTTP/1.1[\r][\n]&quot;
08:59:52.896 [main] DEBUG org.apache.http.wire - http-outgoing-1 &gt;&gt; &quot;Content-Type: application/json[\r][\n]&quot;
08:59:52.896 [main] DEBUG org.apache.http.wire - http-outgoing-1 &gt;&gt; &quot;login-token: [\r][\n]&quot;
08:59:52.896 [main] DEBUG org.apache.http.wire - http-outgoing-1 &gt;&gt; &quot;Content-Length: 222[\r][\n]&quot;
08:59:52.896 [main] DEBUG org.apache.http.wire - http-outgoing-1 &gt;&gt; &quot;Host: website.ztzc-test.zszc.jianshicha.cn[\r][\n]&quot;
08:59:52.896 [main] DEBUG org.apache.http.wire - http-outgoing-1 &gt;&gt; &quot;Connection: Keep-Alive[\r][\n]&quot;
08:59:52.896 [main] DEBUG org.apache.http.wire - http-outgoing-1 &gt;&gt; &quot;User-Agent: Apache-HttpClient/4.5.5 (Java/11.0.24)[\r][\n]&quot;
08:59:52.896 [main] DEBUG org.apache.http.wire - http-outgoing-1 &gt;&gt; &quot;Accept-Encoding: gzip,deflate[\r][\n]&quot;
08:59:52.896 [main] DEBUG org.apache.http.wire - http-outgoing-1 &gt;&gt; &quot;[\r][\n]&quot;
08:59:52.896 [main] DEBUG org.apache.http.wire - http-outgoing-1 &gt;&gt; &quot;{&quot;username&quot;:&quot;zzlei1&quot;,&quot;password&quot;:&quot;ZUaPdIfYvq/y6cielkUYV4OtNM0jnc3VeF7/j_QDkYwEN_GbFp7UVvetAtuXRz5AxAbPFx2Qzc5EccZjiUBOPs8v2Kyn0rZ3bRaA9fMkYg80AKa_BE9_QtKebvoDMv2gXP1wZ3R1wmIBS2U3Tu_i/a36a6N93cnWb1iRgaV0RAU=&quot;,&quot;identity&quot;:&quot;1&quot;}&quot;
08:59:53.660 [main] DEBUG org.apache.http.wire - http-outgoing-1 &lt;&lt; &quot;HTTP/1.1 200 OK[\r][\n]&quot;
08:59:53.660 [main] DEBUG org.apache.http.wire - http-outgoing-1 &lt;&lt; &quot;Server: ************[\r][\n]&quot;
08:59:53.661 [main] DEBUG org.apache.http.wire - http-outgoing-1 &lt;&lt; &quot;Date: Mon, 09 Dec 2024 00:59:53 GMT[\r][\n]&quot;
08:59:53.661 [main] DEBUG org.apache.http.wire - http-outgoing-1 &lt;&lt; &quot;Content-Type: application/json;charset=utf-8[\r][\n]&quot;
08:59:53.661 [main] DEBUG org.apache.http.wire - http-outgoing-1 &lt;&lt; &quot;Content-Length: 781[\r][\n]&quot;
08:59:53.661 [main] DEBUG org.apache.http.wire - http-outgoing-1 &lt;&lt; &quot;Connection: keep-alive[\r][\n]&quot;
08:59:53.661 [main] DEBUG org.apache.http.wire - http-outgoing-1 &lt;&lt; &quot;Cache-Control: no-cache, no-store, max-age=0, must-revalidate[\r][\n]&quot;
08:59:53.661 [main] DEBUG org.apache.http.wire - http-outgoing-1 &lt;&lt; &quot;Expires: 0[\r][\n]&quot;
08:59:53.661 [main] DEBUG org.apache.http.wire - http-outgoing-1 &lt;&lt; &quot;Pragma: no-cache[\r][\n]&quot;
08:59:53.661 [main] DEBUG org.apache.http.wire - http-outgoing-1 &lt;&lt; &quot;Referrer-Policy: no-referrer[\r][\n]&quot;
08:59:53.661 [main] DEBUG org.apache.http.wire - http-outgoing-1 &lt;&lt; &quot;Set-Cookie: sc-lb-instance-id=10.244.142.11#8080#DEFAULT#DEFAULT_GROUP@@user; Path=/; Max-Age=315360000; Expires=Thu, 07 Dec 2034 00:59:53 GMT; HttpOnly; SameSite=Lax[\r][\n]&quot;
08:59:53.661 [main] DEBUG org.apache.http.wire - http-outgoing-1 &lt;&lt; &quot;X-Content-Type-Options: nosniff[\r][\n]&quot;
08:59:53.661 [main] DEBUG org.apache.http.wire - http-outgoing-1 &lt;&lt; &quot;X-Frame-Options: DENY[\r][\n]&quot;
08:59:53.661 [main] DEBUG org.apache.http.wire - http-outgoing-1 &lt;&lt; &quot;X-Xss-Protection: 1; mode=block[\r][\n]&quot;
08:59:53.662 [main] DEBUG org.apache.http.wire - http-outgoing-1 &lt;&lt; &quot;[\r][\n]&quot;
08:59:53.662 [main] DEBUG org.apache.http.wire - http-outgoing-1 &lt;&lt; &quot;{&quot;msg&quot;:&quot;[0xe7][0x99][0xbb][0xe5][0xbd][0x95][0xe6][0x88][0x90][0xe5][0x8a][0x9f]&quot;,&quot;code&quot;:200,&quot;data&quot;:{&quot;access_token&quot;:&quot;eyJ4NXQjUzI1NiI6Im02OXFnMnMxeE1NQkFuRFBtLTRyYkZSanNpRWxJSkVSOVRRbTVfT256RmMiLCJraWQiOiJiaWRkaW5nIiwiYWxnIjoiUlMyNTYifQ.eyJzdWIiOiIxNzYxMTkxOTUxMTk5MjkzNDQwIiwiYXVkIjoiNWRkZmE2ODJkZWQyZWVjOWI1MGI4OTE5YzhmYTRjNDQiLCJuYmYiOjE3MzM3MDU5OTMsImlzcyI6Imh0dHA6XC9cL2xvY2FsaG9zdDo5MDAwIiwiZXhwIjoxNzMzNzA2MjkzLCJpYXQiOjE3MzM3MDU5OTMsImp0aSI6IjRlNWQ0M2RmYWI5YTRkNmViMGNlOWQ4MzM3YTczY2M4In0.aHdFmYcW1NS3-xxH5a6ioTPnLmbeFC_CzS_TZSWCCX10MrAjNkwu6vZOIQhe-1Xt7C-RBHfOz93T_h70RPi_WJcEWaaZHso_fJgD8AtgzcCYmLYNSKbnXUZGS8vQn_Rk8CRCeWXuoJ5tJHMGdYyDzUsDIMgMjm5NM9IxIjql02XRj-UpKAdXH4Vholn03GJRNRExLSWocI7Jxa0yihKfQRValvEkFLqXNbZxKiH3opSY1C2q0XwgD_wFS6WhScZu6rdV7kK_A--XGJMlPRBFuGa_bNf-TM_l0apaGKLC3-6m8GWX-CGYADlREfBH9ivhZVIlGZS5FPCTB-fHwqh5Gg&quot;}}&quot;
08:59:53.662 [main] DEBUG org.apache.http.headers - http-outgoing-1 &lt;&lt; HTTP/1.1 200 OK
08:59:53.662 [main] DEBUG org.apache.http.headers - http-outgoing-1 &lt;&lt; Server: ************
08:59:53.662 [main] DEBUG org.apache.http.headers - http-outgoing-1 &lt;&lt; Date: Mon, 09 Dec 2024 00:59:53 GMT
08:59:53.662 [main] DEBUG org.apache.http.headers - http-outgoing-1 &lt;&lt; Content-Type: application/json;charset=utf-8
08:59:53.663 [main] DEBUG org.apache.http.headers - http-outgoing-1 &lt;&lt; Content-Length: 781
08:59:53.663 [main] DEBUG org.apache.http.headers - http-outgoing-1 &lt;&lt; Connection: keep-alive
08:59:53.663 [main] DEBUG org.apache.http.headers - http-outgoing-1 &lt;&lt; Cache-Control: no-cache, no-store, max-age=0, must-revalidate
08:59:53.663 [main] DEBUG org.apache.http.headers - http-outgoing-1 &lt;&lt; Expires: 0
08:59:53.663 [main] DEBUG org.apache.http.headers - http-outgoing-1 &lt;&lt; Pragma: no-cache
08:59:53.663 [main] DEBUG org.apache.http.headers - http-outgoing-1 &lt;&lt; Referrer-Policy: no-referrer
08:59:53.663 [main] DEBUG org.apache.http.headers - http-outgoing-1 &lt;&lt; Set-Cookie: sc-lb-instance-id=10.244.142.11#8080#DEFAULT#DEFAULT_GROUP@@user; Path=/; Max-Age=315360000; Expires=Thu, 07 Dec 2034 00:59:53 GMT; HttpOnly; SameSite=Lax
08:59:53.663 [main] DEBUG org.apache.http.headers - http-outgoing-1 &lt;&lt; X-Content-Type-Options: nosniff
08:59:53.663 [main] DEBUG org.apache.http.headers - http-outgoing-1 &lt;&lt; X-Frame-Options: DENY
08:59:53.663 [main] DEBUG org.apache.http.headers - http-outgoing-1 &lt;&lt; X-Xss-Protection: 1; mode=block
08:59:53.663 [main] DEBUG org.apache.http.impl.execchain.MainClientExec - Connection can be kept alive indefinitely
08:59:53.664 [main] WARN org.apache.http.client.protocol.ResponseProcessCookies - Invalid cookie header: &quot;Set-Cookie: sc-lb-instance-id=10.244.142.11#8080#DEFAULT#DEFAULT_GROUP@@user; Path=/; Max-Age=315360000; Expires=Thu, 07 Dec 2034 00:59:53 GMT; HttpOnly; SameSite=Lax&quot;. Invalid &apos;expires&apos; attribute: Thu, 07 Dec 2034 00:59:53 GMT
08:59:53.665 [main] DEBUG org.apache.http.impl.conn.PoolingHttpClientConnectionManager - Connection [id: 1][route: {}-&gt;http://website.ztzc-test.zszc.jianshicha.cn:80] can be kept alive indefinitely
08:59:53.665 [main] DEBUG org.apache.http.impl.conn.DefaultManagedHttpClientConnection - http-outgoing-1: set socket timeout to 0
08:59:53.665 [main] DEBUG org.apache.http.impl.conn.PoolingHttpClientConnectionManager - Connection released: [id: 1][route: {}-&gt;http://website.ztzc-test.zszc.jianshicha.cn:80][total kept alive: 1; route allocated: 1 of 2; total allocated: 1 of 20]
08:59:53.665 [main] DEBUG org.apache.http.impl.conn.PoolingHttpClientConnectionManager - Connection manager is shutting down
08:59:53.665 [main] DEBUG org.apache.http.impl.conn.DefaultManagedHttpClientConnection - http-outgoing-1: Close connection
08:59:53.665 [main] DEBUG org.apache.http.impl.conn.PoolingHttpClientConnectionManager - Connection manager shut down
getTest Start
08:59:53.672 [main] DEBUG org.apache.http.client.protocol.RequestAddCookies - CookieSpec selected: default
08:59:53.672 [main] DEBUG org.apache.http.client.protocol.RequestAuthCache - Auth cache not set in the context
08:59:53.672 [main] DEBUG org.apache.http.impl.conn.PoolingHttpClientConnectionManager - Connection request: [route: {}-&gt;http://website.ztzc-test.zszc.jianshicha.cn:80][total kept alive: 0; route allocated: 0 of 2; total allocated: 0 of 20]
08:59:53.672 [main] DEBUG org.apache.http.impl.conn.PoolingHttpClientConnectionManager - Connection leased: [id: 2][route: {}-&gt;http://website.ztzc-test.zszc.jianshicha.cn:80][total kept alive: 0; route allocated: 1 of 2; total allocated: 1 of 20]
08:59:53.672 [main] DEBUG org.apache.http.impl.execchain.MainClientExec - Opening connection {}-&gt;http://website.ztzc-test.zszc.jianshicha.cn:80
08:59:53.672 [main] DEBUG org.apache.http.impl.conn.DefaultHttpClientConnectionOperator - Connecting to website.ztzc-test.zszc.jianshicha.cn/114.118.2.62:80
08:59:53.693 [main] DEBUG org.apache.http.impl.conn.DefaultHttpClientConnectionOperator - Connection established 192.168.108.227:51956&lt;-&gt;114.118.2.62:80
08:59:53.693 [main] DEBUG org.apache.http.impl.execchain.MainClientExec - Executing request GET /api/idr/bulletin/page?current=1&amp;size=12&amp;businessType=2&amp;bulletinType=4%2C13%2C9%2C6%2C12%2C18%2C19&amp;purchaseType=1&amp;searchKey= HTTP/1.1
08:59:53.693 [main] DEBUG org.apache.http.impl.execchain.MainClientExec - Proxy auth state: UNCHALLENGED
08:59:53.693 [main] DEBUG org.apache.http.headers - http-outgoing-2 &gt;&gt; GET /api/idr/bulletin/page?current=1&amp;size=12&amp;businessType=2&amp;bulletinType=4%2C13%2C9%2C6%2C12%2C18%2C19&amp;purchaseType=1&amp;searchKey= HTTP/1.1
08:59:53.693 [main] DEBUG org.apache.http.headers - http-outgoing-2 &gt;&gt; Content-Type: application/json
08:59:53.694 [main] DEBUG org.apache.http.headers - http-outgoing-2 &gt;&gt; authorization: Bearer eyJ4NXQjUzI1NiI6Im02OXFnMnMxeE1NQkFuRFBtLTRyYkZSanNpRWxJSkVSOVRRbTVfT256RmMiLCJraWQiOiJiaWRkaW5nIiwiYWxnIjoiUlMyNTYifQ.eyJzdWIiOiIxODUyMTUzNzQzOTY2MTMwMTc2IiwiYXVkIjoiNWRkZmE2ODJkZWQyZWVjOWI1MGI4OTE5YzhmYTRjNDQiLCJuYmYiOjE3MzM3MDU5OTIsImlzcyI6Imh0dHA6XC9cL2xvY2FsaG9zdDo5MDAwIiwiZXhwIjoxNzMzNzA2MjkyLCJpYXQiOjE3MzM3MDU5OTIsImp0aSI6IjhhMzEwMDE5NTAzNzQxNmM5NjFmODgwZDQzNzU2NWQ1In0.NKF0dqpjNQ_qWrUzfVOmEXeRkDW_o6VqlbpAFgpAzyZ1FFGLeAqSRlj_3XlZT8CaHttBKtXh66ggP19RLH365BgCIylXNZUkH0Je0oStvKdeCrqgrvuNjw33Hdz3hJCDP8Yo2wOaVAS_GmXgt8gOZkCEoIlRTf4ZDiwxUoPmfpoZz0552tofFxeZxQjO2NbDbNDGrn6t0wW1klqP6RjcNrVxWvl1VaPF4YmIUpop83PjV3Uy67eSxE4WVCbGXk3rGYSAFUDBW3aLV_8KE_zzb99lCblzheojg4DiV0Ch9Gd0KO9uU1ig75K79FZEJAEO4sgrMLCEdg_KEXsXoKE0Eg
08:59:53.694 [main] DEBUG org.apache.http.headers - http-outgoing-2 &gt;&gt; Host: website.ztzc-test.zszc.jianshicha.cn
08:59:53.694 [main] DEBUG org.apache.http.headers - http-outgoing-2 &gt;&gt; Connection: Keep-Alive
08:59:53.694 [main] DEBUG org.apache.http.headers - http-outgoing-2 &gt;&gt; User-Agent: Apache-HttpClient/4.5.5 (Java/11.0.24)
08:59:53.694 [main] DEBUG org.apache.http.headers - http-outgoing-2 &gt;&gt; Accept-Encoding: gzip,deflate
08:59:53.694 [main] DEBUG org.apache.http.wire - http-outgoing-2 &gt;&gt; &quot;GET /api/idr/bulletin/page?current=1&amp;size=12&amp;businessType=2&amp;bulletinType=4%2C13%2C9%2C6%2C12%2C18%2C19&amp;purchaseType=1&amp;searchKey= HTTP/1.1[\r][\n]&quot;
08:59:53.694 [main] DEBUG org.apache.http.wire - http-outgoing-2 &gt;&gt; &quot;Content-Type: application/json[\r][\n]&quot;
08:59:53.694 [main] DEBUG org.apache.http.wire - http-outgoing-2 &gt;&gt; &quot;authorization: Bearer eyJ4NXQjUzI1NiI6Im02OXFnMnMxeE1NQkFuRFBtLTRyYkZSanNpRWxJSkVSOVRRbTVfT256RmMiLCJraWQiOiJiaWRkaW5nIiwiYWxnIjoiUlMyNTYifQ.eyJzdWIiOiIxODUyMTUzNzQzOTY2MTMwMTc2IiwiYXVkIjoiNWRkZmE2ODJkZWQyZWVjOWI1MGI4OTE5YzhmYTRjNDQiLCJuYmYiOjE3MzM3MDU5OTIsImlzcyI6Imh0dHA6XC9cL2xvY2FsaG9zdDo5MDAwIiwiZXhwIjoxNzMzNzA2MjkyLCJpYXQiOjE3MzM3MDU5OTIsImp0aSI6IjhhMzEwMDE5NTAzNzQxNmM5NjFmODgwZDQzNzU2NWQ1In0.NKF0dqpjNQ_qWrUzfVOmEXeRkDW_o6VqlbpAFgpAzyZ1FFGLeAqSRlj_3XlZT8CaHttBKtXh66ggP19RLH365BgCIylXNZUkH0Je0oStvKdeCrqgrvuNjw33Hdz3hJCDP8Yo2wOaVAS_GmXgt8gOZkCEoIlRTf4ZDiwxUoPmfpoZz0552tofFxeZxQjO2NbDbNDGrn6t0wW1klqP6RjcNrVxWvl1VaPF4YmIUpop83PjV3Uy67eSxE4WVCbGXk3rGYSAFUDBW3aLV_8KE_zzb99lCblzheojg4DiV0Ch9Gd0KO9uU1ig75K79FZEJAEO4sgrMLCEdg_KEXsXoKE0Eg[\r][\n]&quot;
08:59:53.694 [main] DEBUG org.apache.http.wire - http-outgoing-2 &gt;&gt; &quot;Host: website.ztzc-test.zszc.jianshicha.cn[\r][\n]&quot;
08:59:53.694 [main] DEBUG org.apache.http.wire - http-outgoing-2 &gt;&gt; &quot;Connection: Keep-Alive[\r][\n]&quot;
08:59:53.694 [main] DEBUG org.apache.http.wire - http-outgoing-2 &gt;&gt; &quot;User-Agent: Apache-HttpClient/4.5.5 (Java/11.0.24)[\r][\n]&quot;
08:59:53.694 [main] DEBUG org.apache.http.wire - http-outgoing-2 &gt;&gt; &quot;Accept-Encoding: gzip,deflate[\r][\n]&quot;
08:59:53.694 [main] DEBUG org.apache.http.wire - http-outgoing-2 &gt;&gt; &quot;[\r][\n]&quot;
08:59:54.231 [main] DEBUG org.apache.http.wire - http-outgoing-2 &lt;&lt; &quot;HTTP/1.1 200 OK[\r][\n]&quot;
08:59:54.231 [main] DEBUG org.apache.http.wire - http-outgoing-2 &lt;&lt; &quot;Server: ************[\r][\n]&quot;
08:59:54.231 [main] DEBUG org.apache.http.wire - http-outgoing-2 &lt;&lt; &quot;Date: Mon, 09 Dec 2024 00:59:54 GMT[\r][\n]&quot;
08:59:54.231 [main] DEBUG org.apache.http.wire - http-outgoing-2 &lt;&lt; &quot;Content-Type: application/json[\r][\n]&quot;
08:59:54.231 [main] DEBUG org.apache.http.wire - http-outgoing-2 &lt;&lt; &quot;Transfer-Encoding: chunked[\r][\n]&quot;
08:59:54.231 [main] DEBUG org.apache.http.wire - http-outgoing-2 &lt;&lt; &quot;Connection: keep-alive[\r][\n]&quot;
08:59:54.231 [main] DEBUG org.apache.http.wire - http-outgoing-2 &lt;&lt; &quot;Cache-Control: no-cache, no-store, max-age=0, must-revalidate[\r][\n]&quot;
08:59:54.231 [main] DEBUG org.apache.http.wire - http-outgoing-2 &lt;&lt; &quot;Expires: 0[\r][\n]&quot;
08:59:54.232 [main] DEBUG org.apache.http.wire - http-outgoing-2 &lt;&lt; &quot;Pragma: no-cache[\r][\n]&quot;
08:59:54.232 [main] DEBUG org.apache.http.wire - http-outgoing-2 &lt;&lt; &quot;Referrer-Policy: no-referrer[\r][\n]&quot;
08:59:54.232 [main] DEBUG org.apache.http.wire - http-outgoing-2 &lt;&lt; &quot;Set-Cookie: sc-lb-instance-id=10.244.3.125#8080#DEFAULT#DEFAULT_GROUP@@biz-idr-service; Path=/; Max-Age=315360000; Expires=Thu, 07 Dec 2034 00:59:54 GMT; HttpOnly; SameSite=Lax[\r][\n]&quot;
08:59:54.232 [main] DEBUG org.apache.http.wire - http-outgoing-2 &lt;&lt; &quot;Vary: Origin[\r][\n]&quot;
08:59:54.232 [main] DEBUG org.apache.http.wire - http-outgoing-2 &lt;&lt; &quot;Vary: Access-Control-Request-Method[\r][\n]&quot;
08:59:54.232 [main] DEBUG org.apache.http.wire - http-outgoing-2 &lt;&lt; &quot;Vary: Access-Control-Request-Headers[\r][\n]&quot;
08:59:54.232 [main] DEBUG org.apache.http.wire - http-outgoing-2 &lt;&lt; &quot;X-Content-Type-Options: nosniff[\r][\n]&quot;
08:59:54.232 [main] DEBUG org.apache.http.wire - http-outgoing-2 &lt;&lt; &quot;X-Frame-Options: DENY[\r][\n]&quot;
08:59:54.232 [main] DEBUG org.apache.http.wire - http-outgoing-2 &lt;&lt; &quot;X-Xss-Protection: 1 ; mode=block[\r][\n]&quot;
08:59:54.232 [main] DEBUG org.apache.http.wire - http-outgoing-2 &lt;&lt; &quot;[\r][\n]&quot;
08:59:54.232 [main] DEBUG org.apache.http.wire - http-outgoing-2 &lt;&lt; &quot;1d9f[\r][\n]&quot;
08:59:54.232 [main] DEBUG org.apache.http.wire - http-outgoing-2 &lt;&lt; &quot;{&quot;msg&quot;:&quot;[0xe6][0x93][0x8d][0xe4][0xbd][0x9c][0xe6][0x88][0x90][0xe5][0x8a][0x9f]!&quot;,&quot;code&quot;:200,&quot;data&quot;:{&quot;total&quot;:29,&quot;list&quot;:[{&quot;id&quot;:&quot;1864983866187255809&quot;,&quot;bulletinId&quot;:&quot;1864983784296476674&quot;,&quot;projectId&quot;:&quot;1864978813945573377&quot;,&quot;projectName&quot;:&quot;[0xe6][0x9c][0x8d][0xe5][0x8a][0xa1][0xe9][0x87][0x87][0xe8][0xb4][0xad][0xe8][0xae][0xa1][0xe5][0x88][0x92]&quot;,&quot;projectCode&quot;:&quot;13123123&quot;,&quot;projectType&quot;:2,&quot;businessType&quot;:&quot;2&quot;,&quot;purchaseType&quot;:1,&quot;regionCode&quot;:&quot;130102&quot;,&quot;regionName&quot;:&quot;[0xe6][0xb2][0xb3][0xe5][0x8c][0x97][0xe7][0x9c][0x81]-[0xe7][0x9f][0xb3][0xe5][0xae][0xb6][0xe5][0xba][0x84][0xe5][0xb8][0x82]-[0xe9][0x95][0xbf][0xe5][0xae][0x89][0xe5][0x8c][0xba]&quot;,&quot;bulletinName&quot;:&quot;[0xe6][0x9c][0x8d][0xe5][0x8a][0xa1][0xe9][0x87][0x87][0xe8][0xb4][0xad][0xe8][0xae][0xa1][0xe5][0x88][0x92][0xe4][0xb8][0xad][0xe6][0xa0][0x87][0xe7][0xbb][0x93][0xe6][0x9e][0x9c][0xe5][0x85][0xac][0xe5][0x91][0x8a]&quot;,&quot;bulletinType&quot;:9,&quot;bulletinNature&quot;:0,&quot;bulletinPublishTime&quot;:&quot;2024-12-06 18:42:57&quot;,&quot;bulletinEndTime&quot;:&quot;2024-12-06 18:35:48&quot;,&quot;content&quot;:&quot;&lt;h2 style=\&quot;text-indent: 0.0000pt; mso-pagination: widow-orphan; text-align: center; mso-line-height-alt: 12pt; background: #ffffff; margin: 0.0000pt;\&quot; align=\&quot;center\&quot;&gt;&lt;strong&gt;&lt;span style=\&quot;font-family: [0xe9][0xbb][0x91][0xe4][0xbd][0x93]; color: #333333; letter-spacing: 0pt; font-size: 18pt; background-image: initial; background-position: initial; background-size: initial; background-repeat: initial; background-attachment: initial; background-origin: initial; background-clip: initial;\&quot;&gt;[0xe4][0xb8][0xad][0xe9][0x80][0x9a][0xe5][0xbb][0xba][0xe5][0xb7][0xa5][0xe5][0x9f][0x8e][0xe5][0xbb][0xba][0xe9][0x9b][0x86][0xe5][0x9b][0xa2][0xe6][0x9c][0x89][0xe9][0x99][0x90][0xe5][0x85][0xac][0xe5][0x8f][0xb8] &lt;span class=\&quot;textUnderline zs-custom-template\&quot; data-label-base-attr=&apos;{\&quot;field\&quot;:\&quot;bidSectionName\&quot;,\&quot;name\&quot;:\&quot;[0xe6][0xa0][0x87][0xe6][0xae][0xb5]\&quot;,\&quot;type\&quot;:\&quot;input\&quot;}&apos;&gt;[0xe6][0x9c][0x8d][0xe5][0x8a][0xa1][0xe9][0x87][0x87][0xe8][0xb4][0xad][0xe8][0xae][0xa1][0xe5][0x88][0x92]&lt;/span&gt; &lt;/span&gt;&lt;/strong&gt;&lt;strong&gt;&lt;span style=\&quot;font-family: [0xe9][0xbb][0x91][0xe4][0xbd][0x93]; color: #333333; letter-spacing: 0pt; font-size: 18pt; background-image: initial; background-position: initial; background-size: initial; background-repeat: initial; background-attachment: initial; background-origin: initial; background-clip: initial;\&quot;&gt;[0xe4][0xb8][0xad][0xe6][0xa0][0x87]&lt;/span&gt;&lt;/strong&gt;&lt;strong&gt;&lt;span style=\&quot;font-family: [0xe9][0xbb][0x91][0xe4][0xbd][0x93]; color: #333333; letter-spacing: 0pt; font-size: 18pt; background-image: initial; background-position: initial; background-size: initial; background-repeat: initial; background-attachment: initial; background-origin: initial; background-clip: initial;\&quot;&gt;[0xe7][0xbb][0x93][0xe6][0x9e][0x9c][0xe5][0x85][0xac][0xe7][0xa4][0xba]&lt;/span&gt;&lt;/strong&gt;&lt;/h2&gt;\n&lt;p class=\&quot;MsoNormal\&quot; style=\&quot;margin-top: 0.0000pt; margin-right: 0.0000pt; margin-bottom: 0.0000pt; padding: 0pt 0pt 0pt 0pt; mso-pagination: widow-orphan; text-align: justify; text-justify: inter-ideograph;\&quot; align=\&quot;justify\&quot;&gt;&lt;span style=\&quot;mso-spacerun: &apos;yes&apos;; font-family: [0xe4][0xbb][0xbf][0xe5][0xae][0x8b]; color: #282828; font-size: 16.0000pt; mso-font-kerning: 0.0000pt; background: #ffffff; mso-shading: #ffffff;\&quot;&gt;&amp;nbsp;&lt;/span&gt;&lt;/p&gt;\n&lt;p class=\&quot;MsoNormal\&quot; style=\&quot;margin-top: 0.0000pt; margin-right: 0.0000pt; margin-bottom: 0.0000pt; padding: 0pt 0pt 0pt 0pt; mso-pagination: widow-orphan; text-align: justify; text-justify: inter-ideograph;\&quot; align=\&quot;justify\&quot;&gt;&lt;span style=\&quot;mso-spacerun: &apos;yes&apos;; font-family: [0xe4][0xbb][0xbf][0xe5][0xae][0x8b]; color: #282828; font-size: 16.0000pt; mso-font-kerning: 0.0000pt; background: #ffffff; mso-shading: #ffffff;\&quot;&gt;&amp;nbsp;&lt;/span&gt;&lt;/p&gt;\n&lt;p class=\&quot;MsoNormal\&quot; style=\&quot;margin-top: 0pt; margin-right: 0pt; margin-bottom: 0pt; text-indent: 28pt; padding: 0pt; text-align: justify; line-height: 1.5;\&quot; align=\&quot;justify\&quot;&gt;&lt;span style=\&quot;font-family: FangSong, serif; font-size: 16px;\&quot;&gt;&lt;span style=\&quot;color: #282828; background: #ffffff;\&quot;&gt;&amp;nbsp;[0xe4][0xb8][0xad][0xe9][0x80][0x9a][0xe5][0xbb][0xba][0xe5][0xb7][0xa5][0xe5][0x9f][0x8e][0xe5][0xbb][0xba][0xe9][0x9b][0x86][0xe5][0x9b][0xa2][0xe6][0x9c][0x89][0xe9][0x99][0x90][0xe5][0x85][0xac][0xe5][0x8f][0xb8] &lt;span class=\&quot;textUnderline zs-custom-template\&quot; data-label-base-attr=&apos;{\&quot;field\&quot;:\&quot;bidSectionName\&quot;,\&quot;name\&quot;:\&quot;[0xe6][0xa0][0x87][0xe6][0xae][0xb5]\&quot;,\&quot;type\&quot;:\&quot;input\&quot;}&apos;&gt;[0xe6][0x9c][0x8d][0xe5][0x8a][0xa1][0xe9][0x87][0x87][0xe8][0xb4][0xad][0xe8][0xae][0xa1][0xe5][0x88][0x92]&lt;/span&gt; &lt;/span&gt;&lt;span style=\&quot;color: #282828; background: #ffffff;\&quot;&gt;[0xe9][0xa1][0xb9][0xe7][0x9b][0xae] &lt;span class=\&quot;textUnderline zs-custom-template\&quot; data-label-base-attr=&apos;{\&quot;field\&quot;:\&quot;tenderTypeName\&quot;,\&quot;name\&quot;:\&quot;[0xe6][0x8b][0x9b][0xe6][0xa0][0x87][0xe6][0x96][0xb9][0xe5][0xbc][0x8f]\&quot;,\&quot;type\&quot;:\&quot;input\&quot;}&apos;&gt;[0xe5][0x85][0xac][0xe5][0xbc][0x80][0xe6][0x8b][0x9b][0xe6][0xa0][0x87]&lt;/span&gt;&amp;nbsp;[0xe9][0x87][0x87][0xe8][0xb4][0xad][0xef][0xbc][0x88][0xe9][0x87][0x87][0xe8][0xb4][0xad][0xe7][0xbc][0x96][0xe5][0x8f][0xb7][0xef][0xbc][0x9a] &lt;span class=\&quot;textUnderline zs-custom-template\&quot; data-label-base-attr=&apos;{\&quot;field\&quot;:\&quot;bidSectionCode\&quot;,\&quot;name\&quot;:\&quot;[0xe6][0xa0][0x87][0xe6][0xae][0xb5][0xe7][0xbc][0x96][0xe5][0x8f][0xb7]\&quot;,\&quot;type\&quot;:\&quot;input\&quot;}&apos;&gt;13123123001&lt;/span&gt;&amp;nbsp;[0xef][0xbc][0x89][0xe8][0xaf][0x84][0xe5][0xae][0xa1][0xe5][0xb7][0xa5][0xe4][0xbd][0x9c][0xe5][0xb7][0xb2][0xe7][0xbb][0x93][0xe6][0x9d][0x9f][0xef][0xbc][0x8c][0xe7][0x8e][0xb0][0xe5][0xaf][0xb9][0xe4][0xb8][0xad][0xe6][0xa0][0x87][0xe4][0xba][0xba][0xe4][0xba][0x88][0xe4][0xbb][0xa5][0xe5][0x85][0xac][0xe7][0xa4][0xba][0xe3][0x80][0x82]&lt;/span&gt;&lt;/span&gt;&lt;/p&gt;\n&lt;p class=\&quot;MsoNormal\&quot; style=\&quot;margin: 0pt; text-indent: 32pt; padding: 0pt; line-height: 1.5;\&quot;&gt;&lt;span style=\&quot;font-family: FangSong, serif; color: #282828; font-size: 16px; background: #ffffff;\&quot;&gt;[0xe5][0x85][0xac][0xe7][0xa4][0xba][0xe6][0x97][0xb6][0xe9][0x97][0xb4][0xef][0xbc][0x9a]&amp;nbsp;&lt;span class=\&quot;textUnderline zs-custom-template\&quot; data-label-base-attr=&apos;{\&quot;field\&quot;:\&quot;announceStartTime\&quot;,\&quot;name\&quot;:\&quot;[0xe5][0x85][0xac][0xe5][0xbc][0x8f][0xe5][0xbc][0x80][0xe5][0xa7][0x8b][0xe6][0x97][0xb6][0xe9][0x97][0xb4]\&quot;,\&quot;type\&quot;:\&quot;input\&quot;}&apos;&gt;2024-12-06 00:00&lt;/span&gt;&amp;nbsp;[0xe8][0x87][0xb3]&amp;nbsp;&lt;span class=\&quot;textUnderline zs-custom-template\&quot; data-label-base-attr=&apos;{\&quot;field\&quot;:\&quot;announceEndTime\&quot;,\&quot;name\&quot;:\&quot;[0xe5][0x85][0xac][0xe7][0xa4][0xba][0xe7][0xbb][0x93][0xe6][0x9d][0x9f][0xe6][0x97][0xb6][0xe9][0x97][0xb4]\&quot;,\&quot;type\&quot;:\&quot;input\&quot;}&apos;&gt;2024-12-09 00:00&lt;/span&gt;&amp;nbsp;[0xe3][0x80][0x82]&lt;/span&gt;&lt;/p&gt;\n&lt;p class=\&quot;MsoNormal\&quot; style=\&quot;margin: 0pt; text-indent: 32pt; padding: 0pt; line-height: 1.5;\&quot;&gt;&lt;span style=\&quot;font-family: FangSong, serif; color: #282828; font-size: 16px; background: #ffffff;\&quot;&gt;[0xe9][0x87][0x87][0xe8][0xb4][0xad][0xe4][0xba][0xba][0xef][0xbc][0x9a][0xe4][0xb8][0xad][0xe9][0x80][0x9a][0xe5][0xbb][0xba][0xe5][0xb7][0xa5][0xe5][0x9f][0x8e][0xe5][0xbb][0xba][0xe9][0x9b][0x86][0xe5][0x9b][0xa2][0xe6][0x9c][0x89][0xe9][0x99][0x90][0xe5][0x85][0xac][0xe5][0x8f][0xb8]&lt;/span&gt;&lt;/p&gt;\n&lt;p class=\&quot;MsoNormal\&quot; style=\&quot;margin: 0pt; text-indent: 32pt; padding: 0pt; line-height: 1.5;\&quot;&gt;&lt;span style=\&quot;font-family: FangSong, serif; color: #282828; font-size: 16px; background: #ffffff;\&quot;&gt;[0xe4][0xb8][0xad][0xe6][0xa0][0x87][0xe4][0xba][0xba][0xef][0xbc][0x9a]&amp;nbsp;&lt;span class=\&quot;textUnderline zs-custom-template\&quot; data-label-base-attr=&apos;{\&quot;field\&quot;:\&quot;bidWinnerBidName\&quot;,\&quot;name\&quot;:\&quot;[0xe4][0xb8][0xad][0xe6][0xa0][0x87][0xe5][0x8d][0x95][0xe4][0xbd][0x8d][0xe5][0x90][0x8d][0xe7][0xa7][0xb0]\&quot;,\&quot;type\&quot;:\&quot;input\&quot;}&apos;&gt;[0xe6][0xb2][0xb3][0xe5][0x8c][0x97][0xe8][0xbf][0x9c][0xe4][0xb8][0x9c][0xe9][0x80][0x9a][0xe4][0xbf][0xa1][0xe7][0xb3][0xbb][0xe7][0xbb][0x9f][0xe5][0xb7][0xa5][0xe7][0xa8][0x8b][0xe6][0x9c][0x89][0xe9][0x99][0x90][0xe5][0x85][0xac][0xe5][0x8f][0xb8]&lt;/span&gt;&amp;nbsp;&lt;/span&gt;&lt;/p&gt;\n&lt;p class=\&quot;MsoNormal\&quot; style=\&quot;margin: 0pt; text-indent: 32pt; padding: 0pt; line-height: 1.5;\&quot;&gt;&lt;span style=\&quot;font-family: FangSong, serif; color: #282828; font-size: 16px; background: #ffffff;\&quot;&gt;[0xe5][0x9c][0xa8][0xe5][0x85][0xac][0xe7][0xa4][0xba][0xe6][0x9c][0x9f][0xe9][0x97][0xb4][0xef][0xbc][0x8c][0xe5][0xaf][0xb9][0xe4][0xbb][0xa5][0xe4][0xb8][0x8a][0xe5][0x85][0xac][0xe7][0xa4][0xba][0xe7][0xbb][0x93][0xe6][0x9e][0x9c][0xe6][0x9c][0x89][0xe5][0xbc][0x82][0xe8][0xae][0xae][0xe7][0x9a][0x84][0xe5][0x8f][0x82][0xe9][0x80][0x89][0xe4][0xba][0xba][0xef][0xbc][0x8c][0xe4][0xbb][0xa5][0xe4][0xb9][0xa6][0xe9][0x9d][0xa2][0xe5][0xbd][0xa2][0xe5][0xbc][0x8f][0xe5][0x90][0x91][0xe9][0x87][0x87][0xe8][0xb4][0xad][0xe4][0xba][0xba][0xe5][0x8f][0x8d][0xe9][0xa6][0x88][0xe6][0x84][0x8f][0xe8][0xa7][0x81][0xef][0xbc][0x8c][0xe5][0xb9][0xb6][0xe5][0x87][0xba][0xe5][0x85][0xb7][0xe7][0x9b][0xb8][0xe5][0x85][0xb3][0xe8][0xaf][0x81][0xe6][0x98][0x8e][0xe6][0x9d][0x90][0xe6][0x96][0x99][0xef][0xbc][0x8c][0xe9][0x80][0xbe][0xe6][0x9c][0x9f][0xe5][0xb0][0x86][0xe4][0xb8][0x8d][0xe5][0x86][0x8d][0xe5][0x8f][0x97][0xe7][0x90][0x86][0xe3][0x80][0x82]&lt;/span&gt;&lt;/p&gt;\n&lt;p class=\&quot;MsoNormal\&quot; style=\&quot;margin: 0pt; text-indent: 32pt; padding: 0pt; line-height: 1.5;\&quot;&gt;&lt;span style=\&quot;font-family: FangSong, serif; font-size: 16px;\&quot;&gt;&amp;nbsp;&lt;/span&gt;&lt;/p&gt;\n&lt;p class=\&quot;MsoNormal\&quot; style=\&quot;margin: 0pt; text-indent: 32pt; padding: 0pt; line-height: 1.5;\&quot;&gt;&lt;span style=\&quot;font-family: FangSong, serif; font-size: 16px;\&quot;&gt;&amp;nbsp;&lt;/span&gt;&lt;/p&gt;\n&lt;p class=\&quot;MsoNormal\&quot; style=\&quot;margin: 0pt; text-indent: 32pt; padding: 0pt; line-height: 1.5;\&quot;&gt;&lt;span style=\&quot;font-family: FangSong, serif; font-size: 16px;\&quot;&gt;&amp;nbsp;&lt;/span&gt;&lt;/p&gt;\n&lt;p class=\&quot;MsoNormal\&quot; style=\&quot;margin: 0pt; text-indent: 32pt; padding: 0pt; line-height: 1.5;\&quot;&gt;&lt;span style=\&quot;font-family: FangSong, serif; font-size: 16px;\&quot;&gt;&amp;nbsp;&lt;/span&gt;&lt;/p&gt;\n&lt;p class=\&quot;MsoNormal\&quot; style=\&quot;text-indent: 32pt; padding: 0pt; text-align: right; margin: 0pt; line-height: 1.5;\&quot; align=\&quot;right\&quot;&gt;&lt;span style=\&quot;font-family: FangSong, serif; color: #282828; font-size: 16px; background: #ffffff;\&quot;&gt;[0xe4][0xb8][0xad][0xe9][0x80][0x9a][0xe5][0xbb][0xba][0xe5][0xb7][0xa5][0xe5][0x9f][0x8e][0xe5][0xbb][0xba][0xe9][0x9b][0x86][0xe5][0x9b][0xa2][0xe6][0x9c][0x89][0xe9][0x99][0x90][0xe5][0x85][0xac][0xe5][0x8f][0xb8]&lt;/span&gt;&lt;/p&gt;\n&lt;p class=\&quot;MsoNormal\&quot; style=\&quot;text-align: right; line-height: 1.5;\&quot; align=\&quot;right\&quot;&gt;&lt;span class=\&quot;textUnderline zs-custom-template\&quot; data-label-base-attr=&apos;{\&quot;field\&quot;:\&quot;systemData\&quot;,\&quot;name\&quot;:\&quot;[0xe7][0xb3][0xbb][0xe7][0xbb][0x9f][0xe6][0x97][0xa5][0xe6][0x9c][0x9f]\&quot;,\&quot;type\&quot;:\&quot;input\&quot;}&apos;&gt;2024-12-06&lt;/span&gt;&lt;/p&gt;&quot;,&quot;attachmentIds&quot;:&quot;&quot;,&quot;bidDocReferEndTime&quot;:&quot;2024-12-06 18:35:48&quot;,&quot;tenderOrgan&quot;:&quot;[0xe4][0xb8][0xad][0xe9][0x80][0x9a][0xe5][0xbb][0xba][0xe5][0xb7][0xa5][0xe5][0x9f][0x8e][0xe5][0xbb][0xba][0xe9][0x9b][0x86][0xe5][0x9b][0xa2][0xe6][0x9c][0x89][0xe9][0x99][0x90][0xe5][0x85][0xac][0xe5][0x8f][0xb8]&quot;,&quot;openBidStartTime&quot;:&quot;2024-12-06 18:35:48&quot;,&quot;bulletinStatusVO&quot;:{&quot;projectCode&quot;:null,&quot;bulletinList&quot;:null,&quot;ifChangeBulletin&quot;:true,&quot;bidDocReferEndTime&quot;:&quot;2024-12-06 18:35:48&quot;,&quot;changeBulletinList&quot;:null,&quot;ifWinCandidateBulletin&quot;:null,&quot;winCandidateBulletinList&quot;:null,&quot;ifWinBidBulletin&quot;:null,&quot;winBidBulletinList&quot;:null,&quot;investmentAmount&quot;:null,&quot;winBidTime&quot;:null},&quot;tenderFileStartTime&quot;:&quot;2024-12-06 00:00:00&quot;,&quot;tenderFileEndTime&quot;:&quot;2024-12-07 23:59:00&quot;,&quot;redirectUrl&quot;:&quot;1&quot;,&quot;sectionId&quot;:&quot;1864978814817988610&quot;,&quot;sectionName&quot;:&quot;[0xe6][0x9c][0x8d][0xe5][0x8a][0xa1][0xe9][0x87][0x87][0xe8][0xb4][0xad][0xe8][0xae][0xa1][0xe5][0x88][0x92]&quot;},{&quot;id&quot;:&quot;1864982064201011201&quot;,&quot;bulletinId&quot;:&quot;1864981650129743874&quot;,&quot;projectId&quot;:&quot;1864978813945573377&quot;,&quot;projectName&quot;:&quot;[0xe6][0x9c][0x8d][0xe5][0x8a][0xa1][0xe9][0x87][0x87][0xe8][0xb4][0xad][0xe8][0xae][0xa1][0xe5][0x88][0x92]&quot;,&quot;projectCode&quot;:&quot;13123123&quot;,&quot;projectType&quot;:2,&quot;businessType&quot;:&quot;2&quot;,&quot;purchaseType&quot;:1,&quot;regionCode&quot;:&quot;130102&quot;,&quot;regionName&quot;:&quot;[0xe6][0xb2][0xb3][0xe5][0x8c][0x97][0xe7][0x9c][0x81]-[0xe7][0x9f][0xb3][0xe5][0xae][0xb6][0xe5][0xba][0x84][0xe5]&quot;
08:59:54.236 [main] DEBUG org.apache.http.headers - http-outgoing-2 &lt;&lt; HTTP/1.1 200 OK
08:59:54.236 [main] DEBUG org.apache.http.headers - http-outgoing-2 &lt;&lt; Server: ************
08:59:54.237 [main] DEBUG org.apache.http.headers - http-outgoing-2 &lt;&lt; Date: Mon, 09 Dec 2024 00:59:54 GMT
08:59:54.237 [main] DEBUG org.apache.http.headers - http-outgoing-2 &lt;&lt; Content-Type: application/json
08:59:54.237 [main] DEBUG org.apache.http.headers - http-outgoing-2 &lt;&lt; Transfer-Encoding: chunked
08:59:54.237 [main] DEBUG org.apache.http.headers - http-outgoing-2 &lt;&lt; Connection: keep-alive
08:59:54.237 [main] DEBUG org.apache.http.headers - http-outgoing-2 &lt;&lt; Cache-Control: no-cache, no-store, max-age=0, must-revalidate
08:59:54.237 [main] DEBUG org.apache.http.headers - http-outgoing-2 &lt;&lt; Expires: 0
08:59:54.237 [main] DEBUG org.apache.http.headers - http-outgoing-2 &lt;&lt; Pragma: no-cache
08:59:54.237 [main] DEBUG org.apache.http.headers - http-outgoing-2 &lt;&lt; Referrer-Policy: no-referrer
08:59:54.237 [main] DEBUG org.apache.http.headers - http-outgoing-2 &lt;&lt; Set-Cookie: sc-lb-instance-id=10.244.3.125#8080#DEFAULT#DEFAULT_GROUP@@biz-idr-service; Path=/; Max-Age=315360000; Expires=Thu, 07 Dec 2034 00:59:54 GMT; HttpOnly; SameSite=Lax
08:59:54.237 [main] DEBUG org.apache.http.headers - http-outgoing-2 &lt;&lt; Vary: Origin
08:59:54.237 [main] DEBUG org.apache.http.headers - http-outgoing-2 &lt;&lt; Vary: Access-Control-Request-Method
08:59:54.237 [main] DEBUG org.apache.http.headers - http-outgoing-2 &lt;&lt; Vary: Access-Control-Request-Headers
08:59:54.237 [main] DEBUG org.apache.http.headers - http-outgoing-2 &lt;&lt; X-Content-Type-Options: nosniff
08:59:54.237 [main] DEBUG org.apache.http.headers - http-outgoing-2 &lt;&lt; X-Frame-Options: DENY
08:59:54.237 [main] DEBUG org.apache.http.headers - http-outgoing-2 &lt;&lt; X-Xss-Protection: 1 ; mode=block
08:59:54.238 [main] DEBUG org.apache.http.impl.execchain.MainClientExec - Connection can be kept alive indefinitely
08:59:54.238 [main] WARN org.apache.http.client.protocol.ResponseProcessCookies - Invalid cookie header: &quot;Set-Cookie: sc-lb-instance-id=10.244.3.125#8080#DEFAULT#DEFAULT_GROUP@@biz-idr-service; Path=/; Max-Age=315360000; Expires=Thu, 07 Dec 2034 00:59:54 GMT; HttpOnly; SameSite=Lax&quot;. Invalid &apos;expires&apos; attribute: Thu, 07 Dec 2034 00:59:54 GMT
08:59:54.238 [main] DEBUG org.apache.http.wire - http-outgoing-2 &lt;&lt; &quot;[0xb8][0x82]-[0xe9][0x95][0xbf][0xe5][0xae][0x89][0xe5][0x8c][0xba]&quot;,&quot;bulletinName&quot;:&quot;[0xe6][0x9c][0x8d][0xe5][0x8a][0xa1][0xe9][0x87][0x87][\r][\n]&quot;
08:59:54.362 [main] DEBUG org.apache.http.wire - http-outgoing-2 &lt;&lt; &quot;2000[\r][\n]&quot;
08:59:54.364 [main] DEBUG org.apache.http.wire - http-outgoing-2 &lt;&lt; &quot;[0xe8][0xb4][0xad][0xe8][0xae][0xa1][0xe5][0x88][0x92]&quot;,&quot;bulletinType&quot;:4,&quot;bulletinNature&quot;:1,&quot;bulletinPublishTime&quot;:&quot;2024-12-06 18:35:47&quot;,&quot;bulletinEndTime&quot;:&quot;2024-12-06 18:35:48&quot;,&quot;content&quot;:&quot;&lt;p&gt;23123131&lt;/p&gt;&quot;,&quot;attachmentIds&quot;:&quot;c2891b85b6bd7a1eb79053b4f74d199d&quot;,&quot;bidDocReferEndTime&quot;:&quot;2024-12-06 18:35:48&quot;,&quot;tenderOrgan&quot;:&quot;[0xe4][0xb8][0xad][0xe9][0x80][0x9a][0xe5][0xbb][0xba][0xe5][0xb7][0xa5][0xe5][0x9f][0x8e][0xe5][0xbb][0xba][0xe9][0x9b][0x86][0xe5][0x9b][0xa2][0xe6][0x9c][0x89][0xe9][0x99][0x90][0xe5][0x85][0xac][0xe5][0x8f][0xb8]&quot;,&quot;openBidStartTime&quot;:&quot;2024-12-06 18:35:48&quot;,&quot;bulletinStatusVO&quot;:{&quot;projectCode&quot;:null,&quot;bulletinList&quot;:null,&quot;ifChangeBulletin&quot;:true,&quot;bidDocReferEndTime&quot;:&quot;2024-12-06 18:35:48&quot;,&quot;changeBulletinList&quot;:null,&quot;ifWinCandidateBulletin&quot;:null,&quot;winCandidateBulletinList&quot;:null,&quot;ifWinBidBulletin&quot;:null,&quot;winBidBulletinList&quot;:null,&quot;investmentAmount&quot;:null,&quot;winBidTime&quot;:null},&quot;tenderFileStartTime&quot;:&quot;2024-12-06 00:00:00&quot;,&quot;tenderFileEndTime&quot;:&quot;2024-12-07 23:59:00&quot;,&quot;redirectUrl&quot;:&quot;1&quot;,&quot;sectionId&quot;:&quot;1864978814817988610&quot;,&quot;sectionName&quot;:&quot;[0xe6][0x9c][0x8d][0xe5][0x8a][0xa1][0xe9][0x87][0x87][0xe8][0xb4][0xad][0xe8][0xae][0xa1][0xe5][0x88][0x92]&quot;,&quot;tenderProjectFileId&quot;:&quot;89a5820d8fadb4ce30c282b26047bc92&quot;,&quot;materialCode&quot;:&quot;&quot;,&quot;materialName&quot;:&quot;[0xe6][0x9c][0x8d][0xe5][0x8a][0xa1][0xe5][0x90][0x8d][0xe7][0xa7][0xb0]2&quot;},{&quot;id&quot;:&quot;1864979483122798594&quot;,&quot;bulletinId&quot;:&quot;1864979289869053953&quot;,&quot;projectId&quot;:&quot;1864978813945573377&quot;,&quot;projectName&quot;:&quot;[0xe6][0x9c][0x8d][0xe5][0x8a][0xa1][0xe9][0x87][0x87][0xe8][0xb4][0xad][0xe8][0xae][0xa1][0xe5][0x88][0x92]&quot;,&quot;projectCode&quot;:&quot;13123123&quot;,&quot;projectType&quot;:2,&quot;businessType&quot;:&quot;2&quot;,&quot;purchaseType&quot;:1,&quot;regionCode&quot;:&quot;130102&quot;,&quot;regionName&quot;:&quot;[0xe6][0xb2][0xb3][0xe5][0x8c][0x97][0xe7][0x9c][0x81]-[0xe7][0x9f][0xb3][0xe5][0xae][0xb6][0xe5][0xba][0x84][0xe5][0xb8][0x82]-[0xe9][0x95][0xbf][0xe5][0xae][0x89][0xe5][0x8c][0xba]&quot;,&quot;bulletinName&quot;:&quot;[0xe6][0x9c][0x8d][0xe5][0x8a][0xa1][0xe9][0x87][0x87][0xe8][0xb4][0xad][0xe8][0xae][0xa1][0xe5][0x88][0x92]&quot;,&quot;bulletinType&quot;:4,&quot;bulletinNature&quot;:0,&quot;bulletinPublishTime&quot;:&quot;2024-12-06 18:25:31&quot;,&quot;bulletinEndTime&quot;:&quot;2024-12-07 00:00:00&quot;,&quot;content&quot;:&quot;&lt;p&gt;1231321312&lt;/p&gt;&quot;,&quot;bidDocReferEndTime&quot;:&quot;2024-12-07 00:00:00&quot;,&quot;tenderOrgan&quot;:&quot;[0xe4][0xb8][0xad][0xe9][0x80][0x9a][0xe5][0xbb][0xba][0xe5][0xb7][0xa5][0xe5][0x9f][0x8e][0xe5][0xbb][0xba][0xe9][0x9b][0x86][0xe5][0x9b][0xa2][0xe6][0x9c][0x89][0xe9][0x99][0x90][0xe5][0x85][0xac][0xe5][0x8f][0xb8]&quot;,&quot;openBidStartTime&quot;:&quot;2024-12-07 00:00:00&quot;,&quot;bulletinStatusVO&quot;:{&quot;projectCode&quot;:null,&quot;bulletinList&quot;:null,&quot;ifChangeBulletin&quot;:true,&quot;bidDocReferEndTime&quot;:&quot;2024-12-06 18:35:48&quot;,&quot;changeBulletinList&quot;:null,&quot;ifWinCandidateBulletin&quot;:null,&quot;winCandidateBulletinList&quot;:null,&quot;ifWinBidBulletin&quot;:null,&quot;winBidBulletinList&quot;:null,&quot;investmentAmount&quot;:null,&quot;winBidTime&quot;:null},&quot;tenderFileStartTime&quot;:&quot;2024-12-06 00:00:00&quot;,&quot;tenderFileEndTime&quot;:&quot;2024-12-07 23:59:00&quot;,&quot;redirectUrl&quot;:&quot;1&quot;,&quot;sectionId&quot;:&quot;1864978814817988610&quot;,&quot;sectionName&quot;:&quot;[0xe6][0x9c][0x8d][0xe5][0x8a][0xa1][0xe9][0x87][0x87][0xe8][0xb4][0xad][0xe8][0xae][0xa1][0xe5][0x88][0x92]&quot;,&quot;tenderProjectFileId&quot;:&quot;89a5820d8fadb4ce30c282b26047bc92&quot;,&quot;materialCode&quot;:&quot;&quot;,&quot;materialName&quot;:&quot;[0xe6][0x9c][0x8d][0xe5][0x8a][0xa1][0xe5][0x90][0x8d][0xe7][0xa7][0xb0]2&quot;},{&quot;id&quot;:&quot;1864957861091414018&quot;,&quot;bulletinId&quot;:&quot;1864957785815052290&quot;,&quot;projectId&quot;:&quot;1864953065960312834&quot;,&quot;projectName&quot;:&quot;[0xe9][0x87][0x87][0xe8][0xb4][0xad][0xe9][0xa1][0xb9][0xe7][0x9b][0xae]&quot;,&quot;projectCode&quot;:&quot;123131&quot;,&quot;projectType&quot;:2,&quot;businessType&quot;:&quot;2&quot;,&quot;purchaseType&quot;:1,&quot;regionCode&quot;:&quot;130102&quot;,&quot;regionName&quot;:&quot;[0xe6][0xb2][0xb3][0xe5][0x8c][0x97][0xe7][0x9c][0x81]-[0xe7][0x9f][0xb3][0xe5][0xae][0xb6][0xe5][0xba][0x84][0xe5][0xb8][0x82]-[0xe9][0x95][0xbf][0xe5][0xae][0x89][0xe5][0x8c][0xba]&quot;,&quot;bulletinName&quot;:&quot;[0xe9][0x87][0x87][0xe8][0xb4][0xad][0xe9][0xa1][0xb9][0xe7][0x9b][0xae][0xe4][0xb8][0xad][0xe6][0xa0][0x87][0xe7][0xbb][0x93][0xe6][0x9e][0x9c][0xe5][0x85][0xac][0xe5][0x91][0x8a]&quot;,&quot;bulletinType&quot;:9,&quot;bulletinNature&quot;:0,&quot;bulletinPublishTime&quot;:&quot;2024-12-06 16:59:37&quot;,&quot;bulletinEndTime&quot;:&quot;2024-12-06 16:50:57&quot;,&quot;content&quot;:&quot;&lt;h2 style=\&quot;text-indent: 0.0000pt; mso-pagination: widow-orphan; text-align: center; mso-line-height-alt: 12pt; background: #ffffff; margin: 0.0000pt;\&quot; align=\&quot;center\&quot;&gt;&lt;strong&gt;&lt;span style=\&quot;font-family: [0xe9][0xbb][0x91][0xe4][0xbd][0x93]; color: #333333; letter-spacing: 0pt; font-size: 18pt; background-image: initial; background-position: initial; background-size: initial; background-repeat: initial; background-attachment: initial; background-origin: initial; background-clip: initial;\&quot;&gt;[0xe4][0xb8][0xad][0xe9][0x80][0x9a][0xe5][0xbb][0xba][0xe5][0xb7][0xa5][0xe5][0x9f][0x8e][0xe5][0xbb][0xba][0xe9][0x9b][0x86][0xe5][0x9b][0xa2][0xe6][0x9c][0x89][0xe9][0x99][0x90][0xe5][0x85][0xac][0xe5][0x8f][0xb8] &lt;span class=\&quot;textUnderline zs-custom-template\&quot; data-label-base-attr=&apos;{\&quot;field\&quot;:\&quot;bidSectionName\&quot;,\&quot;name\&quot;:\&quot;[0xe6][0xa0][0x87][0xe6][0xae][0xb5]\&quot;,\&quot;type\&quot;:\&quot;input\&quot;}&apos;&gt;[0xe9][0x87][0x87][0xe8][0xb4][0xad][0xe9][0xa1][0xb9][0xe7][0x9b][0xae]&lt;/span&gt; &lt;/span&gt;&lt;/strong&gt;&lt;strong&gt;&lt;span style=\&quot;font-family: [0xe9][0xbb][0x91][0xe4][0xbd][0x93]; color: #333333; letter-spacing: 0pt; font-size: 18pt; background-image: initial; background-position: initial; background-size: initial; background-repeat: initial; background-attachment: initial; background-origin: initial; background-clip: initial;\&quot;&gt;[0xe4][0xb8][0xad][0xe6][0xa0][0x87]&lt;/span&gt;&lt;/strong&gt;&lt;strong&gt;&lt;span style=\&quot;font-family: [0xe9][0xbb][0x91][0xe4][0xbd][0x93]; color: #333333; letter-spacing: 0pt; font-size: 18pt; background-image: initial; background-position: initial; background-size: initial; background-repeat: initial; background-attachment: initial; background-origin: initial; background-clip: initial;\&quot;&gt;[0xe7][0xbb][0x93][0xe6][0x9e][0x9c][0xe5][0x85][0xac][0xe7][0xa4][0xba]&lt;/span&gt;&lt;/strong&gt;&lt;/h2&gt;\n&lt;p class=\&quot;MsoNormal\&quot; style=\&quot;margin-top: 0.0000pt; margin-right: 0.0000pt; margin-bottom: 0.0000pt; padding: 0pt 0pt 0pt 0pt; mso-pagination: widow-orphan; text-align: justify; text-justify: inter-ideograph;\&quot; align=\&quot;justify\&quot;&gt;&lt;span style=\&quot;mso-spacerun: &apos;yes&apos;; font-family: [0xe4][0xbb][0xbf][0xe5][0xae][0x8b]; color: #282828; font-size: 16.0000pt; mso-font-kerning: 0.0000pt; background: #ffffff; mso-shading: #ffffff;\&quot;&gt;&amp;nbsp;&lt;/span&gt;&lt;/p&gt;\n&lt;p class=\&quot;MsoNormal\&quot; style=\&quot;margin-top: 0.0000pt; margin-right: 0.0000pt; margin-bottom: 0.0000pt; padding: 0pt 0pt 0pt 0pt; mso-pagination: widow-orphan; text-align: justify; text-justify: inter-ideograph;\&quot; align=\&quot;justify\&quot;&gt;&lt;span style=\&quot;mso-spacerun: &apos;yes&apos;; font-family: [0xe4][0xbb][0xbf][0xe5][0xae][0x8b]; color: #282828; font-size: 16.0000pt; mso-font-kerning: 0.0000pt; background: #ffffff; mso-shading: #ffffff;\&quot;&gt;&amp;nbsp;&lt;/span&gt;&lt;/p&gt;\n&lt;p class=\&quot;MsoNormal\&quot; style=\&quot;margin-top: 0pt; margin-right: 0pt; margin-bottom: 0pt; text-indent: 28pt; padding: 0pt; text-align: justify; line-height: 1.5;\&quot; align=\&quot;justify\&quot;&gt;&lt;span style=\&quot;font-family: FangSong, serif; font-size: 16px;\&quot;&gt;&lt;span style=\&quot;color: #282828; background: #ffffff;\&quot;&gt;&amp;nbsp;[0xe4][0xb8][0xad][0xe9][0x80][0x9a][0xe5][0xbb][0xba][0xe5][0xb7][0xa5][0xe5][0x9f][0x8e][0xe5][0xbb][0xba][0xe9][0x9b][0x86][0xe5][0x9b][0xa2][0xe6][0x9c][0x89][0xe9][0x99][0x90][0xe5][0x85][0xac][0xe5][0x8f][0xb8] &lt;span class=\&quot;textUnderline zs-custom-template\&quot; data-label-base-attr=&apos;{\&quot;field\&quot;:\&quot;bidSectionName\&quot;,\&quot;name\&quot;:\&quot;[0xe6][0xa0][0x87][0xe6][0xae][0xb5]\&quot;,\&quot;type\&quot;:\&quot;input\&quot;}&apos;&gt;[0xe9][0x87][0x87][0xe8][0xb4][0xad][0xe9][0xa1][0xb9][0xe7][0x9b][0xae]&lt;/span&gt; &lt;/span&gt;&lt;span style=\&quot;color: #282828; background: #ffffff;\&quot;&gt;[0xe9][0xa1][0xb9][0xe7][0x9b][0xae] &lt;span class=\&quot;textUnderline zs-custom-template\&quot; data-label-base-attr=&apos;{\&quot;field\&quot;:\&quot;tenderTypeName\&quot;,\&quot;name\&quot;:\&quot;[0xe6][0x8b][0x9b][0xe6][0xa0][0x87][0xe6][0x96][0xb9][0xe5][0xbc][0x8f]\&quot;,\&quot;type\&quot;:\&quot;input\&quot;}&apos;&gt;[0xe5][0x85][0xac][0xe5][0xbc][0x80][0xe6][0x8b][0x9b][0xe6][0xa0][0x87]&lt;/span&gt;&amp;nbsp;[0xe9][0x87][0x87][0xe8][0xb4][0xad][0xef][0xbc][0x88][0xe9][0x87][0x87][0xe8][0xb4][0xad][0xe7][0xbc][0x96][0xe5][0x8f][0xb7][0xef][0xbc][0x9a] &lt;span class=\&quot;textUnderline zs-custom-template\&quot; data-label-base-attr=&apos;{\&quot;field\&quot;:\&quot;bidSectionCode\&quot;,\&quot;name\&quot;:\&quot;[0xe6][0xa0][0x87][0xe6][0xae][0xb5][0xe7][0xbc][0x96][0xe5][0x8f][0xb7]\&quot;,\&quot;type\&quot;:\&quot;input\&quot;}&apos;&gt;123131001&lt;/span&gt;&amp;nbsp;[0xef][0xbc][0x89][0xe8][0xaf][0x84][0xe5][0xae][0xa1][0xe5][0xb7][0xa5][0xe4][0xbd][0x9c][0xe5][0xb7][0xb2][0xe7][0xbb][0x93][0xe6][0x9d][0x9f][0xef][0xbc][0x8c][0xe7][0x8e][0xb0][0xe5][0xaf][0xb9][0xe4][0xb8][0xad][0xe6][0xa0][0x87][0xe4][0xba][0xba][0xe4][0xba][0x88][0xe4][0xbb][0xa5][0xe5][0x85][0xac][0xe7][0xa4][0xba][0xe3][0x80][0x82]&lt;/span&gt;&lt;/span&gt;&lt;/p&gt;\n&lt;p class=\&quot;MsoNormal\&quot; style=\&quot;margin: 0pt; text-indent: 32pt; padding: 0pt; line-height: 1.5;\&quot;&gt;&lt;span style=\&quot;font-family: FangSong, serif; color: #282828; font-size: 16px; background: #ffffff;\&quot;&gt;[0xe5][0x85][0xac][0xe7][0xa4][0xba][0xe6][0x97][0xb6][0xe9][0x97][0xb4][0xef][0xbc][0x9a]&amp;nbsp;&lt;span class=\&quot;textUnderline zs-custom-template\&quot; data-label-base-attr=&apos;{\&quot;field\&quot;:\&quot;announceStartTime\&quot;,\&quot;name\&quot;:\&quot;[0xe5][0x85][0xac][0xe5][0xbc][0x8f][0xe5][0xbc][0x80][0xe5][0xa7][0x8b][0xe6][0x97][0xb6][0xe9][0x97][0xb4]\&quot;,\&quot;type\&quot;:\&quot;input\&quot;}&apos;&gt;2024-12-06 00:00&lt;/span&gt;&amp;nbsp;[0xe8][0x87][0xb3]&amp;nbsp;&lt;span class=\&quot;textUnderline zs-custom-template\&quot; data-label-base-attr=&apos;{\&quot;field\&quot;:\&quot;announceEndTime\&quot;,\&quot;name\&quot;:\&quot;[0xe5][0x85][0xac][0xe7][0xa4][0xba][0xe7][0xbb][0x93][0xe6][0x9d][0x9f][0xe6][0x97][0xb6][0xe9][0x97][0xb4]\&quot;,\&quot;type\&quot;:\&quot;input\&quot;}&apos;&gt;2024-12-09 00:00&lt;/span&gt;&amp;nbsp;[0xe3][0x80][0x82]&lt;/span&gt;&lt;/p&gt;\n&lt;p class=\&quot;MsoNormal\&quot; style=\&quot;margin: 0pt; text-indent: 32pt; padding: 0pt; line-height: 1.5;\&quot;&gt;&lt;span style=\&quot;font-family: FangSong, serif; color: #282828; font-size: 16px; background: #ffffff;\&quot;&gt;[0xe9][0x87][0x87][0xe8][0xb4][0xad][0xe4][0xba][0xba][0xef][0xbc][0x9a][0xe4][0xb8][0xad][0xe9][0x80][0x9a][0xe5][0xbb][0xba][0xe5][0xb7][0xa5][0xe5][0x9f][0x8e][0xe5][0xbb][0xba][0xe9][0x9b][0x86][0xe5][0x9b][0xa2][0xe6][0x9c][0x89][0xe9][0x99][0x90][0xe5][0x85][0xac][0xe5][0x8f][0xb8]&lt;/span&gt;&lt;/p&gt;\n&lt;p class=\&quot;MsoNormal\&quot; style=\&quot;margin: 0pt; text-indent: 32pt; padding: 0pt; line-height: 1.5;\&quot;&gt;&lt;span style=\&quot;font-family: FangSong, serif; color: #282828; font-size: 16px; background: #ffffff;\&quot;&gt;[0xe4][0xb8][0xad][0xe6][0xa0][0x87][0xe4][0xba][0xba][0xef][0xbc][0x9a]&amp;nbsp;&lt;span class=\&quot;textUnderline zs-custom-template\&quot; data-label-base-attr=&apos;{\&quot;field\&quot;:\&quot;bidWinnerBidName\&quot;,\&quot;name\&quot;:\&quot;[0xe4][0xb8][0xad][0xe6][0xa0][0x87][0xe5][0x8d][0x95][0xe4][0xbd][0x8d][0xe5][0x90][0x8d][0xe7][0xa7][0xb0]\&quot;,\&quot;type\&quot;:\&quot;input\&quot;}&apos;&gt;[0xe6][0xb2][0xb3][0xe5][0x8c][0x97][0xe5][0x86][0x80][0xe4][0xb8][0xad][0xe8][0x82][0xa5][0xe4][0xb8][0x9a][0xe6][0x9c][0x89][0xe9][0x99][0x90][0xe5][0x85][0xac][0xe5][0x8f][0xb8]&lt;/span&gt;&amp;nbsp;&lt;/span&gt;&lt;/p&gt;\n&lt;p class=\&quot;MsoNormal\&quot; style=\&quot;margin: 0pt; text-indent: 32pt; padding: 0pt; line-height: 1.5;\&quot;&gt;&lt;span style=\&quot;font-family: FangSong, serif; color: #282828; font-size: 16px; background: #ffffff;\&quot;&gt;[0xe5][0x9c][0xa8][0xe5][0x85][0xac][0xe7][0xa4][0xba][0xe6][0x9c][0x9f][0xe9][0x97][0xb4][0xef][0xbc][0x8c][0xe5][0xaf][0xb9][0xe4][0xbb][0xa5][0xe4][0xb8][0x8a][0xe5][0x85][0xac][0xe7][0xa4][0xba][0xe7][0xbb][0x93][0xe6][0x9e][0x9c][0xe6][0x9c][0x89][0xe5][0xbc][0x82][0xe8][0xae][0xae][0xe7][0x9a][0x84][0xe5][0x8f][0x82][0xe9][0x80][0x89][0xe4][0xba][0xba][0xef][0xbc][0x8c][0xe4][0xbb][0xa5][0xe4][0xb9][0xa6][0xe9][0x9d][0xa2][0xe5][0xbd][0xa2][0xe5][0xbc][0x8f][0xe5][0x90][0x91][0xe9][0x87][0x87][0xe8][0xb4][0xad][0xe4][0xba][0xba][0xe5][0x8f][0x8d][0xe9][0xa6][0x88][0xe6][0x84][0x8f][0xe8][0xa7][0x81][0xef][0xbc][0x8c][0xe5][0xb9][0xb6][0xe5][0x87][0xba][0xe5][0x85][0xb7][0xe7][0x9b][0xb8][0xe5][0x85][0xb3][0xe8][0xaf][0x81][0xe6][0x98][0x8e][0xe6][0x9d][0x90][0xe6][0x96][0x99][0xef][0xbc][0x8c][0xe9][0x80][0xbe][0xe6][0x9c][0x9f][0xe5][0xb0][0x86][0xe4][0xb8][0x8d][0xe5][0x86][0x8d][0xe5][0x8f][0x97][0xe7][0x90][0x86][0xe3][0x80][0x82]&lt;/span&gt;&lt;/p&gt;\n&lt;p class=\&quot;MsoNormal\&quot; style=\&quot;margin: 0pt; text-indent: 32pt; padding: 0pt; line-height: 1.5;\&quot;&gt;&lt;span style=\&quot;font-family: FangSong, serif; font-size: 16px;\&quot;&gt;&amp;nbsp;&lt;/span&gt;&lt;/p&gt;\n&lt;p class=\&quot;MsoNormal\&quot; style=\&quot;margin: 0pt; text-indent: 32pt; padding: 0pt; line-height: 1.5;\&quot;&gt;&lt;span style=\&quot;font-family: FangSong, serif; font-size: 16px;\&quot;&gt;&amp;nbsp;&lt;/span&gt;&lt;/p&gt;\n&lt;p class=\&quot;MsoNormal\&quot; style=\&quot;margin: 0pt; text-indent: 32pt; padding: 0pt; line-height: 1.5;\&quot;&gt;&lt;span style=\&quot;font-family: FangSong, serif; font-size: 16px;\&quot;&gt;&amp;nbsp;&lt;/span&gt;&lt;/p&gt;\n&lt;p class=\&quot;MsoNormal\&quot; style=\&quot;margin: 0pt; text-indent: 32pt; padding: 0pt; line-height: 1.5;\&quot;&gt;&lt;span style=\&quot;font-family: FangSong, serif; font-size: 16px;\&quot;&gt;&amp;nbsp;&lt;/span&gt;&lt;/p&gt;\n&lt;p class=\&quot;MsoNormal\&quot; style=\&quot;text-indent: 32pt; paddin&quot;
08:59:54.367 [main] DEBUG org.apache.http.wire - http-outgoing-2 &lt;&lt; &quot;g: 0pt[\r][\n]&quot;
08:59:54.367 [main] DEBUG org.apache.http.wire - http-outgoing-2 &lt;&lt; &quot;1000[\r][\n]&quot;
08:59:54.368 [main] DEBUG org.apache.http.wire - http-outgoing-2 &lt;&lt; &quot;; text-align: right; margin: 0pt; line-height: 1.5;\&quot; align=\&quot;right\&quot;&gt;&lt;span style=\&quot;font-family: FangSong, serif; color: #282828; font-size: 16px; background: #ffffff;\&quot;&gt;[0xe4][0xb8][0xad][0xe9][0x80][0x9a][0xe5][0xbb][0xba][0xe5][0xb7][0xa5][0xe5][0x9f][0x8e][0xe5][0xbb][0xba][0xe9][0x9b][0x86][0xe5][0x9b][0xa2][0xe6][0x9c][0x89][0xe9][0x99][0x90][0xe5][0x85][0xac][0xe5][0x8f][0xb8]&lt;/span&gt;&lt;/p&gt;\n&lt;p class=\&quot;MsoNormal\&quot; style=\&quot;text-align: right; line-height: 1.5;\&quot; align=\&quot;right\&quot;&gt;&lt;span class=\&quot;textUnderline zs-custom-template\&quot; data-label-base-attr=&apos;{\&quot;field\&quot;:\&quot;systemData\&quot;,\&quot;name\&quot;:\&quot;[0xe7][0xb3][0xbb][0xe7][0xbb][0x9f][0xe6][0x97][0xa5][0xe6][0x9c][0x9f]\&quot;,\&quot;type\&quot;:\&quot;input\&quot;}&apos;&gt;2024-12-06&lt;/span&gt;&lt;/p&gt;&quot;,&quot;attachmentIds&quot;:&quot;&quot;,&quot;bidDocReferEndTime&quot;:&quot;2024-12-06 16:50:57&quot;,&quot;tenderOrgan&quot;:&quot;[0xe4][0xb8][0xad][0xe9][0x80][0x9a][0xe5][0xbb][0xba][0xe5][0xb7][0xa5][0xe5][0x9f][0x8e][0xe5][0xbb][0xba][0xe9][0x9b][0x86][0xe5][0x9b][0xa2][0xe6][0x9c][0x89][0xe9][0x99][0x90][0xe5][0x85][0xac][0xe5][0x8f][0xb8]&quot;,&quot;openBidStartTime&quot;:&quot;2024-12-06 16:50:57&quot;,&quot;bulletinStatusVO&quot;:{&quot;projectCode&quot;:null,&quot;bulletinList&quot;:null,&quot;ifChangeBulletin&quot;:true,&quot;bidDocReferEndTime&quot;:&quot;2024-12-06 16:50:57&quot;,&quot;changeBulletinList&quot;:null,&quot;ifWinCandidateBulletin&quot;:null,&quot;winCandidateBulletinList&quot;:null,&quot;ifWinBidBulletin&quot;:null,&quot;winBidBulletinList&quot;:null,&quot;investmentAmount&quot;:null,&quot;winBidTime&quot;:null},&quot;tenderFileStartTime&quot;:&quot;2024-12-06 16:42:39&quot;,&quot;tenderFileEndTime&quot;:&quot;2024-12-07 23:59:00&quot;,&quot;redirectUrl&quot;:&quot;1&quot;,&quot;sectionId&quot;:&quot;1864953067763863553&quot;,&quot;sectionName&quot;:&quot;[0xe9][0x87][0x87][0xe8][0xb4][0xad][0xe9][0xa1][0xb9][0xe7][0x9b][0xae]&quot;,&quot;materialCode&quot;:&quot;null&quot;,&quot;materialName&quot;:&quot;[0xe9][0x93][0x9c]&quot;},{&quot;id&quot;:&quot;1864955870814474242&quot;,&quot;bulletinId&quot;:&quot;1864955741871992834&quot;,&quot;projectId&quot;:&quot;1864953065960312834&quot;,&quot;projectName&quot;:&quot;[0xe9][0x87][0x87][0xe8][0xb4][0xad][0xe9][0xa1][0xb9][0xe7][0x9b][0xae]&quot;,&quot;projectCode&quot;:&quot;123131&quot;,&quot;projectType&quot;:2,&quot;businessType&quot;:&quot;2&quot;,&quot;purchaseType&quot;:1,&quot;regionCode&quot;:&quot;130102&quot;,&quot;regionName&quot;:&quot;[0xe6][0xb2][0xb3][0xe5][0x8c][0x97][0xe7][0x9c][0x81]-[0xe7][0x9f][0xb3][0xe5][0xae][0xb6][0xe5][0xba][0x84][0xe5][0xb8][0x82]-[0xe9][0x95][0xbf][0xe5][0xae][0x89][0xe5][0x8c][0xba]&quot;,&quot;bulletinName&quot;:&quot;[0xe9][0x87][0x87][0xe8][0xb4][0xad][0xe9][0xa1][0xb9][0xe7][0x9b][0xae]&quot;,&quot;bulletinType&quot;:4,&quot;bulletinNature&quot;:1,&quot;bulletinPublishTime&quot;:&quot;2024-12-06 16:51:42&quot;,&quot;bulletinEndTime&quot;:&quot;2024-12-06 16:50:57&quot;,&quot;content&quot;:&quot;&lt;p&gt;2131&lt;/p&gt;&quot;,&quot;attachmentIds&quot;:&quot;441e8b2478e5d9fd01a320990251a096&quot;,&quot;bidDocReferEndTime&quot;:&quot;2024-12-06 16:50:57&quot;,&quot;tenderOrgan&quot;:&quot;[0xe4][0xb8][0xad][0xe9][0x80][0x9a][0xe5][0xbb][0xba][0xe5][0xb7][0xa5][0xe5][0x9f][0x8e][0xe5][0xbb][0xba][0xe9][0x9b][0x86][0xe5][0x9b][0xa2][0xe6][0x9c][0x89][0xe9][0x99][0x90][0xe5][0x85][0xac][0xe5][0x8f][0xb8]&quot;,&quot;openBidStartTime&quot;:&quot;2024-12-06 16:50:57&quot;,&quot;bulletinStatusVO&quot;:{&quot;projectCode&quot;:null,&quot;bulletinList&quot;:null,&quot;ifChangeBulletin&quot;:true,&quot;bidDocReferEndTime&quot;:&quot;2024-12-06 16:50:57&quot;,&quot;changeBulletinList&quot;:null,&quot;ifWinCandidateBulletin&quot;:null,&quot;winCandidateBulletinList&quot;:null,&quot;ifWinBidBulletin&quot;:null,&quot;winBidBulletinList&quot;:null,&quot;investmentAmount&quot;:null,&quot;winBidTime&quot;:null},&quot;tenderFileStartTime&quot;:&quot;2024-12-06 16:42:39&quot;,&quot;tenderFileEndTime&quot;:&quot;2024-12-07 23:59:00&quot;,&quot;redirectUrl&quot;:&quot;1&quot;,&quot;sectionId&quot;:&quot;1864953067763863553&quot;,&quot;sectionName&quot;:&quot;[0xe9][0x87][0x87][0xe8][0xb4][0xad][0xe9][0xa1][0xb9][0xe7][0x9b][0xae]&quot;,&quot;tenderProjectFileId&quot;:&quot;1e3a80816eb2078a8fabaf7ab7ed9ee2&quot;,&quot;materialCode&quot;:&quot;&quot;,&quot;materialName&quot;:&quot;[0xe9][0x93][0x9c]&quot;},{&quot;id&quot;:&quot;1864954257181839361&quot;,&quot;bulletinId&quot;:&quot;1864953652563087361&quot;,&quot;projectId&quot;:&quot;1864953065960312834&quot;,&quot;projectName&quot;:&quot;[0xe9][0x87][0x87][0xe8][0xb4][0xad][0xe9][0xa1][0xb9][0xe7][0x9b][0xae]&quot;,&quot;projectCode&quot;:&quot;123131&quot;,&quot;projectType&quot;:2,&quot;businessType&quot;:&quot;2&quot;,&quot;purchaseType&quot;:1,&quot;regionCode&quot;:&quot;130102&quot;,&quot;regionName&quot;:&quot;[0xe6][0xb2][0xb3][0xe5][0x8c][0x97][0xe7][0x9c][0x81]-[0xe7][0x9f][0xb3][0xe5][0xae][0xb6][0xe5][0xba][0x84][0xe5][0xb8][0x82]-[0xe9][0x95][0xbf][0xe5][0xae][0x89][0xe5][0x8c][0xba]&quot;,&quot;bulletinName&quot;:&quot;[0xe9][0x87][0x87][0xe8][0xb4][0xad][0xe9][0xa1][0xb9][0xe7][0x9b][0xae]&quot;,&quot;bulletinType&quot;:4,&quot;bulletinNature&quot;:0,&quot;bulletinPublishTime&quot;:&quot;2024-12-06 16:45:13&quot;,&quot;bulletinEndTime&quot;:&quot;2024-12-07 00:00:00&quot;,&quot;content&quot;:&quot;&lt;p&gt;123123&lt;/p&gt;&quot;,&quot;bidDocReferEndTime&quot;:&quot;2024-12-07 00:00:00&quot;,&quot;tenderOrgan&quot;:&quot;[0xe4][0xb8][0xad][0xe9][0x80][0x9a][0xe5][0xbb][0xba][0xe5][0xb7][0xa5][0xe5][0x9f][0x8e][0xe5][0xbb][0xba][0xe9][0x9b][0x86][0xe5][0x9b][0xa2][0xe6][0x9c][0x89][0xe9][0x99][0x90][0xe5][0x85][0xac][0xe5][0x8f][0xb8]&quot;,&quot;openBidStartTime&quot;:&quot;2024-12-07 00:00:00&quot;,&quot;bulletinStatusVO&quot;:{&quot;projectCode&quot;:null,&quot;bulletinList&quot;:null,&quot;ifChangeBulletin&quot;:true,&quot;bidDocReferEndTime&quot;:&quot;2024-12-06 16:50:57&quot;,&quot;changeBulletinList&quot;:null,&quot;ifWinCandidateBulletin&quot;:null,&quot;winCandidateBulletinList&quot;:null,&quot;ifWinBidBulletin&quot;:null,&quot;winBidBulletinList&quot;:null,&quot;investmentAmount&quot;:null,&quot;winBidTime&quot;:null},&quot;tenderFileStartTime&quot;:&quot;2024-12-06 16:42:39&quot;,&quot;tenderFileEndTime&quot;:&quot;2024-12-07 23:59:00&quot;,&quot;redirectUrl&quot;:&quot;1&quot;,&quot;sectionId&quot;:&quot;1864953067763863553&quot;,&quot;sectionName&quot;:&quot;[0xe9][0x87][0x87][0xe8][0xb4][0xad][0xe9][0xa1][0xb9][0xe7][0x9b][0xae]&quot;,&quot;tenderProjectFileId&quot;:&quot;1e3a80816eb2078a8fabaf7ab7ed9ee2&quot;,&quot;materialCode&quot;:&quot;&quot;,&quot;materialName&quot;:&quot;[0xe9][0x93][0x9c]&quot;},{&quot;id&quot;:&quot;1864581316376072193&quot;,&quot;bulletinId&quot;:&quot;1864581197786447874&quot;,&quot;projectId&quot;:&quot;1864560195069214722&quot;,&quot;projectName&quot;:&quot;mxxtestcg&quot;,&quot;projectCode&quot;:&quot;mxxtestcg&quot;,&quot;projectType&quot;:2,&quot;businessType&quot;:&quot;2&quot;,&quot;purchaseType&quot;:1,&quot;regionCode&quot;:&quot;130102&quot;,&quot;regionName&quot;:&quot;[0xe6][0xb2][0xb3][0xe5][0x8c][0x97][0xe7][0x9c][0x81]-[0xe7][0x9f][0xb3][0xe5][0xae][0xb6][0xe5][0xba][0x84][0xe5][0xb8][0x82]-[0xe9][0x95][0xbf][0xe5][0xae][0x89][0xe5][0x8c][0xba]&quot;,&quot;bulletinName&quot;:&quot;mxxtestcg&quot;,&quot;bulletinType&quot;:4,&quot;bulletinNatur&quot;
08:59:54.418 [main] DEBUG org.apache.http.wire - http-outgoing-2 &lt;&lt; &quot;e&quot;:0,&quot;bulletinPublishTime&quot;:&quot;2024-12-05 16:03:21&quot;,&quot;bulletinEndTime&quot;:&quot;2024-12-06 23:00:00&quot;,&quot;content&quot;:&quot;&lt;p&gt;[0xe6][0x8b][0x9b][0xe6][0xa0][0x87][0xe5][0x85][0xac][0xe5][0x91][0x8a]&lt;/p&gt;&quot;,&quot;bidDocReferEndTime&quot;:&quot;2024-12-06 23:00:00&quot;,&quot;tenderOrgan&quot;:&quot;[0xe4][0xb8][0xad][0xe9][0x80][0x9a][0xe5][0xbb][0xba][0xe5][0xb7][0xa5][0xe5][0x9f][0x8e][0xe5][0xbb][0xba][0xe9][0x9b][0x86][0xe5][0x9b][0xa2][0xe6][0x9c][0x89][0xe9][0x99][0x90][0xe5][0x85][0xac][0xe5][0x8f][0xb8]&quot;,&quot;openBidStartTime&quot;:&quot;2024-12-06 23:00:00&quot;,&quot;bul[\r][\n]&quot;
08:59:54.501 [main] DEBUG org.apache.http.wire - http-outgoing-2 &lt;&lt; &quot;2000[\r][\n]&quot;
08:59:54.501 [main] DEBUG org.apache.http.wire - http-outgoing-2 &lt;&lt; &quot;letinStatusVO&quot;:{&quot;projectCode&quot;:null,&quot;bulletinList&quot;:null,&quot;ifChangeBulletin&quot;:false,&quot;bidDocReferEndTime&quot;:null,&quot;changeBulletinList&quot;:null,&quot;ifWinCandidateBulletin&quot;:null,&quot;winCandidateBulletinList&quot;:null,&quot;ifWinBidBulletin&quot;:null,&quot;winBidBulletinList&quot;:null,&quot;investmentAmount&quot;:null,&quot;winBidTime&quot;:null},&quot;tenderFileStartTime&quot;:&quot;2024-12-05 16:02:24&quot;,&quot;tenderFileEndTime&quot;:&quot;2024-12-06 23:59:00&quot;,&quot;redirectUrl&quot;:&quot;1&quot;,&quot;sectionId&quot;:&quot;1864560195987767297&quot;,&quot;sectionName&quot;:&quot;mxxtestcg&quot;,&quot;tenderProjectFileId&quot;:&quot;4641b7f5106228a7d683bcdfbf7e05f3&quot;,&quot;materialCode&quot;:&quot;&quot;,&quot;materialName&quot;:&quot;test&quot;},{&quot;id&quot;:&quot;1864137526095974402&quot;,&quot;bulletinId&quot;:&quot;1864137430063824898&quot;,&quot;projectId&quot;:&quot;1864127641636225025&quot;,&quot;projectName&quot;:&quot;[0xe6][0xb5][0x8b][0xe8][0xaf][0x95][0xe9][0x87][0x87][0xe8][0xb4][0xad][0xe9][0xa1][0xb9][0xe7][0x9b][0xae]&quot;,&quot;projectCode&quot;:&quot;15899999111&quot;,&quot;projectType&quot;:2,&quot;businessType&quot;:&quot;2&quot;,&quot;purchaseType&quot;:1,&quot;regionCode&quot;:&quot;130102&quot;,&quot;regionName&quot;:&quot;[0xe6][0xb2][0xb3][0xe5][0x8c][0x97][0xe7][0x9c][0x81]-[0xe7][0x9f][0xb3][0xe5][0xae][0xb6][0xe5][0xba][0x84][0xe5][0xb8][0x82]-[0xe9][0x95][0xbf][0xe5][0xae][0x89][0xe5][0x8c][0xba]&quot;,&quot;bulletinName&quot;:&quot;[0xe6][0xb5][0x8b][0xe8][0xaf][0x95][0xe9][0x87][0x87][0xe8][0xb4][0xad][0xe9][0xa1][0xb9][0xe7][0x9b][0xae]&quot;,&quot;bulletinType&quot;:4,&quot;bulletinNature&quot;:1,&quot;bulletinPublishTime&quot;:&quot;2024-12-04 10:39:54&quot;,&quot;bulletinEndTime&quot;:&quot;2024-12-04 10:39:12&quot;,&quot;content&quot;:&quot;&lt;p&gt;2131&lt;/p&gt;&quot;,&quot;attachmentIds&quot;:&quot;e8829a3058acd839774378b67de4637f&quot;,&quot;bidDocReferEndTime&quot;:&quot;2024-12-04 10:39:12&quot;,&quot;tenderOrgan&quot;:&quot;[0xe4][0xb8][0xad][0xe9][0x80][0x9a][0xe5][0xbb][0xba][0xe5][0xb7][0xa5][0xe5][0x9f][0x8e][0xe5][0xbb][0xba][0xe9][0x9b][0x86][0xe5][0x9b][0xa2][0xe6][0x9c][0x89][0xe9][0x99][0x90][0xe5][0x85][0xac][0xe5][0x8f][0xb8]&quot;,&quot;openBidStartTime&quot;:&quot;2024-12-04 10:39:12&quot;,&quot;bulletinStatusVO&quot;:{&quot;projectCode&quot;:null,&quot;bulletinList&quot;:null,&quot;ifChangeBulletin&quot;:true,&quot;bidDocReferEndTime&quot;:&quot;2024-12-04 10:39:12&quot;,&quot;changeBulletinList&quot;:null,&quot;ifWinCandidateBulletin&quot;:null,&quot;winCandidateBulletinList&quot;:null,&quot;ifWinBidBulletin&quot;:null,&quot;winBidBulletinList&quot;:null,&quot;investmentAmount&quot;:null,&quot;winBidTime&quot;:null},&quot;tenderFileStartTime&quot;:&quot;2024-12-04 10:22:50&quot;,&quot;tenderFileEndTime&quot;:&quot;2024-12-06 23:59:00&quot;,&quot;redirectUrl&quot;:&quot;1&quot;,&quot;sectionId&quot;:&quot;1864127642294730753&quot;,&quot;sectionName&quot;:&quot;[0xe6][0xb5][0x8b][0xe8][0xaf][0x95][0xe9][0x87][0x87][0xe8][0xb4][0xad][0xe9][0xa1][0xb9][0xe7][0x9b][0xae]&quot;,&quot;tenderProjectFileId&quot;:&quot;2c71010bd7cbd9dcc7ecf34a5409447c&quot;,&quot;materialCode&quot;:&quot;&quot;,&quot;materialName&quot;:&quot;[0xe6][0x8b][0x9b][0xe8][0x81][0x98]&quot;},{&quot;id&quot;:&quot;1864134546206560258&quot;,&quot;bulletinId&quot;:&quot;1864134401247854593&quot;,&quot;projectId&quot;:&quot;1864110501897887746&quot;,&quot;projectName&quot;:&quot;[0xe6][0xb5][0x8b][0xe8][0xaf][0x95]-[0xe8][0x80][0xbf][0xe6][0x98][0x8e][0xe7][0xa1][0x95]-[0xe6][0xb5][0x8b][0xe8][0xaf][0x95]&quot;,&quot;projectCode&quot;:&quot;[0xe6][0xb5][0x8b][0xe8][0xaf][0x95]-[0xe8][0x80][0xbf][0xe6][0x98][0x8e][0xe7][0xa1][0x95]-[0xe6][0xb5][0x8b][0xe8][0xaf][0x95]&quot;,&quot;projectType&quot;:2,&quot;businessType&quot;:&quot;2&quot;,&quot;purchaseType&quot;:1,&quot;regionCode&quot;:&quot;110101&quot;,&quot;regionName&quot;:&quot;[0xe5][0x8c][0x97][0xe4][0xba][0xac][0xe5][0xb8][0x82]-[0xe5][0x8c][0x97][0xe4][0xba][0xac][0xe5][0xb8][0x82]-[0xe4][0xb8][0x9c][0xe5][0x9f][0x8e][0xe5][0x8c][0xba]&quot;,&quot;bulletinName&quot;:&quot;[0xe6][0xb5][0x8b][0xe8][0xaf][0x95]-[0xe8][0x80][0xbf][0xe6][0x98][0x8e][0xe7][0xa1][0x95]-[0xe6][0xb5][0x8b][0xe8][0xaf][0x95]&quot;,&quot;bulletinType&quot;:4,&quot;bulletinNature&quot;:0,&quot;bulletinPublishTime&quot;:&quot;2024-12-04 10:28:03&quot;,&quot;bulletinEndTime&quot;:&quot;2024-12-31 00:00:00&quot;,&quot;content&quot;:&quot;&lt;p&gt;test&lt;/p&gt;&quot;,&quot;bidDocReferEndTime&quot;:&quot;2024-12-31 00:00:00&quot;,&quot;tenderOrgan&quot;:&quot;[0xe6][0xb2][0xb3][0xe5][0x8c][0x97][0xe4][0xbf][0xa1][0xe6][0x8a][0x95][0xe6][0x95][0xb0][0xe7][0xa7][0x91][0xe4][0xbe][0x9b][0xe5][0xba][0x94][0xe9][0x93][0xbe][0xe7][0xae][0xa1][0xe7][0x90][0x86][0xe6][0x9c][0x89][0xe9][0x99][0x90][0xe5][0x85][0xac][0xe5][0x8f][0xb8]&quot;,&quot;openBidStartTime&quot;:&quot;2024-12-31 00:00:00&quot;,&quot;bulletinStatusVO&quot;:{&quot;projectCode&quot;:null,&quot;bulletinList&quot;:null,&quot;ifChangeBulletin&quot;:false,&quot;bidDocReferEndTime&quot;:null,&quot;changeBulletinList&quot;:null,&quot;ifWinCandidateBulletin&quot;:null,&quot;winCandidateBulletinList&quot;:null,&quot;ifWinBidBulletin&quot;:null,&quot;winBidBulletinList&quot;:null,&quot;investmentAmount&quot;:null,&quot;winBidTime&quot;:null},&quot;tenderFileStartTime&quot;:&quot;2024-12-04 00:00:00&quot;,&quot;tenderFileEndTime&quot;:&quot;2024-12-31 23:59:00&quot;,&quot;redirectUrl&quot;:&quot;1&quot;,&quot;sectionId&quot;:&quot;1864110502975823874&quot;,&quot;sectionName&quot;:&quot;[0xe6][0xb5][0x8b][0xe8][0xaf][0x95]-[0xe8][0x80][0xbf][0xe6][0x98][0x8e][0xe7][0xa1][0x95]-[0xe6][0xb5][0x8b][0xe8][0xaf][0x95]&quot;,&quot;tenderProjectFileId&quot;:&quot;17170e42a730e35d087e67becb306e52&quot;,&quot;materialCode&quot;:&quot;&quot;,&quot;materialName&quot;:&quot;test&quot;},{&quot;id&quot;:&quot;1864133371906297858&quot;,&quot;bulletinId&quot;:&quot;1864133301694283777&quot;,&quot;projectId&quot;:&quot;1864127641636225025&quot;,&quot;projectName&quot;:&quot;[0xe6][0xb5][0x8b][0xe8][0xaf][0x95][0xe9][0x87][0x87][0xe8][0xb4][0xad][0xe9][0xa1][0xb9][0xe7][0x9b][0xae]&quot;,&quot;projectCode&quot;:&quot;15899999111&quot;,&quot;projectType&quot;:2,&quot;businessType&quot;:&quot;2&quot;,&quot;purchaseType&quot;:1,&quot;regionCode&quot;:&quot;130102&quot;,&quot;regionName&quot;:&quot;[0xe6][0xb2][0xb3][0xe5][0x8c][0x97][0xe7][0x9c][0x81]-[0xe7][0x9f][0xb3][0xe5][0xae][0xb6][0xe5][0xba][0x84][0xe5][0xb8][0x82]-[0xe9][0x95][0xbf][0xe5][0xae][0x89][0xe5][0x8c][0xba]&quot;,&quot;bulletinName&quot;:&quot;[0xe6][0xb5][0x8b][0xe8][0xaf][0x95][0xe9][0x87][0x87][0xe8][0xb4][0xad][0xe9][0xa1][0xb9][0xe7][0x9b][0xae]&quot;,&quot;bulletinType&quot;:4,&quot;bulletinNature&quot;:0,&quot;bulletinPublishTime&quot;:&quot;2024-12-04 10:23:21&quot;,&quot;bulletinEndTime&quot;:&quot;2024-12-06 00:00:00&quot;,&quot;content&quot;:&quot;&lt;p&gt;1231312312311&lt;/p&gt;&quot;,&quot;bidDocReferEndTime&quot;:&quot;2024-12-06 00:00:00&quot;,&quot;tenderOrgan&quot;:&quot;[0xe4][0xb8][0xad][0xe9][0x80][0x9a][0xe5][0xbb][0xba][0xe5][0xb7][0xa5][0xe5][0x9f][0x8e][0xe5][0xbb][0xba][0xe9][0x9b][0x86][0xe5][0x9b][0xa2][0xe6][0x9c][0x89][0xe9][0x99][0x90][0xe5][0x85][0xac][0xe5][0x8f][0xb8]&quot;,&quot;openBidStartTime&quot;:&quot;2024-12-06 00:00:00&quot;,&quot;bulletinStatusVO&quot;:{&quot;projectCode&quot;:null,&quot;bulletinList&quot;:null,&quot;ifChangeBulletin&quot;:true,&quot;bidDocReferEndTime&quot;:&quot;2024-12-04 10:39:12&quot;,&quot;changeBulletinList&quot;:null,&quot;ifWinCandidateBulletin&quot;:null,&quot;winCandidateBulletinList&quot;:null,&quot;ifWinBidBulletin&quot;:null,&quot;winBidBulletinList&quot;:null,&quot;investmentAmount&quot;:null,&quot;winBidTime&quot;:null},&quot;tenderFileStartTime&quot;:&quot;2024-12-04 10:22:50&quot;,&quot;tenderFileEndTime&quot;:&quot;2024-12-06 23:59:00&quot;,&quot;redirectUrl&quot;:&quot;1&quot;,&quot;sectionId&quot;:&quot;1864127642294730753&quot;,&quot;sectionName&quot;:&quot;[0xe6][0xb5][0x8b][0xe8][0xaf][0x95][0xe9][0x87][0x87][0xe8][0xb4][0xad][0xe9][0xa1][0xb9][0xe7][0x9b][0xae]&quot;,&quot;tenderProjectFileId&quot;:&quot;2c71010bd7cbd9dcc7ecf34a5409447c&quot;,&quot;materialCode&quot;:&quot;&quot;,&quot;materialName&quot;:&quot;[0xe6][0x8b][0x9b][0xe8][0x81][0x98]&quot;},{&quot;id&quot;:&quot;1863475075616673793&quot;,&quot;bulletinId&quot;:&quot;1863475005284401153&quot;,&quot;projectId&quot;:&quot;1863415953964105729&quot;,&quot;projectName&quot;:&quot;[0xe6][0xb5][0x8b][0xe8][0xaf][0x95][0xe5][0x90][0x88][0xe5][0x90][0x8c][0xe5][0x8f][0x8a][0xe7][0x89][0xa9][0xe6][0xb5][0x81][0xe9][0x97][0xae][0xe9][0xa2][0x98][0xe9][0xaa][0x8c][0xe8][0xaf][0x81][0xe9][0xa1][0xb9][0xe7][0x9b][0xae]0930-230-1-3&quot;,&quot;projectCode&quot;:&quot;dfsdfdsfLL&quot;,&quot;projectType&quot;:2,&quot;businessType&quot;:&quot;2&quot;,&quot;purchaseType&quot;:1,&quot;regionCode&quot;:&quot;110105&quot;,&quot;regionName&quot;:&quot;[0xe5][0x8c][0x97][0xe4][0xba][0xac][0xe5][0xb8][0x82]-[0xe5][0x8c][0x97][0xe4][0xba][0xac][0xe5][0xb8][0x82]-[0xe6][0x9c][0x9d][0xe9][0x98][0xb3][0xe5][0x8c][0xba]&quot;,&quot;bulletinName&quot;:&quot;[0xe6][0xb5][0x8b][0xe8][0xaf][0x95][0xe5][0x90][0x88][0xe5][0x90][0x8c][0xe5][0x8f][0x8a][0xe7][0x89][0xa9][0xe6][0xb5][0x81][0xe9][0x97][0xae][0xe9][0xa2][0x98][0xe9][0xaa][0x8c][0xe8][0xaf][0x81][0xe9][0xa1][0xb9][0xe7][0x9b][0xae]0930-230-1-3-[0xe6][0xa0][0x87][0xe6][0xae][0xb5]01[0xe4][0xb8][0xad][0xe6][0xa0][0x87][0xe7][0xbb][0x93][0xe6][0x9e][0x9c][0xe5][0x85][0xac][0xe5][0x91][0x8a]&quot;,&quot;bulletinType&quot;:9,&quot;bulletinNature&quot;:0,&quot;bulletinPublishTime&quot;:&quot;2024-12-02 14:47:32&quot;,&quot;bulletinEndTime&quot;:&quot;2024-12-31 00:00:00&quot;,&quot;content&quot;:&quot;&lt;h2 style=\&quot;text-indent: 0.0000pt; mso-pagination: widow-orphan; text-align: center; mso-line-height-alt: 12pt; background: #ffffff; margin: 0.0000pt;\&quot; align=\&quot;center\&quot;&gt;&lt;strong&gt;&lt;span style=\&quot;font-family: [0xe9][0xbb][0x91][0xe4][0xbd][0x93]; color: #333333; letter-spacing: 0pt; font-size: 
[...]
aterialName&quot;:&quot;铜&quot;,&quot;bulletinEndTime&quot;:&quot;2024-12-06 16:50:57&quot;,&quot;bulletinName&quot;:&quot;采购项目中标结果公告&quot;,&quot;tenderOrgan&quot;:&quot;中通建工城建集团有限公司&quot;,&quot;attachmentIds&quot;:&quot;&quot;,&quot;projectName&quot;:&quot;采购项目&quot;,&quot;businessType&quot;:&quot;2&quot;,&quot;projectId&quot;:&quot;1864953065960312834&quot;,&quot;tenderFileEndTime&quot;:&quot;2024-12-07 23:59:00&quot;},{&quot;tenderFileStartTime&quot;:&quot;2024-12-06 16:42:39&quot;,&quot;redirectUrl&quot;:&quot;1&quot;,&quot;regionName&quot;:&quot;河北省-石家庄市-长安区&quot;,&quot;projectType&quot;:2,&quot;bulletinNature&quot;:1,&quot;content&quot;:&quot;&lt;p&gt;2131&lt;/p&gt;&quot;,&quot;purchaseType&quot;:1,&quot;sectionName&quot;:&quot;采购项目&quot;,&quot;regionCode&quot;:&quot;130102&quot;,&quot;bulletinId&quot;:&quot;1864955741871992834&quot;,&quot;projectCode&quot;:&quot;123131&quot;,&quot;bulletinPublishTime&quot;:&quot;2024-12-06 16:51:42&quot;,&quot;bulletinStatusVO&quot;:{&quot;bidDocReferEndTime&quot;:&quot;2024-12-06 16:50:57&quot;,&quot;ifChangeBulletin&quot;:true},&quot;id&quot;:&quot;1864955870814474242&quot;,&quot;openBidStartTime&quot;:&quot;2024-12-06 16:50:57&quot;,&quot;materialCode&quot;:&quot;&quot;,&quot;sectionId&quot;:&quot;1864953067763863553&quot;,&quot;bulletinType&quot;:4,&quot;bidDocReferEndTime&quot;:&quot;2024-12-06 16:50:57&quot;,&quot;materialName&quot;:&quot;铜&quot;,&quot;bulletinEndTime&quot;:&quot;2024-12-06 16:50:57&quot;,&quot;bulletinName&quot;:&quot;采购项目&quot;,&quot;tenderOrgan&quot;:&quot;中通建工城建集团有限公司&quot;,&quot;attachmentIds&quot;:&quot;441e8b2478e5d9fd01a320990251a096&quot;,&quot;projectName&quot;:&quot;采购项目&quot;,&quot;businessType&quot;:&quot;2&quot;,&quot;projectId&quot;:&quot;1864953065960312834&quot;,&quot;tenderFileEndTime&quot;:&quot;2024-12-07 23:59:00&quot;,&quot;tenderProjectFileId&quot;:&quot;1e3a80816eb2078a8fabaf7ab7ed9ee2&quot;},{&quot;tenderFileStartTime&quot;:&quot;2024-12-06 16:42:39&quot;,&quot;redirectUrl&quot;:&quot;1&quot;,&quot;regionName&quot;:&quot;河北省-石家庄市-长安区&quot;,&quot;projectType&quot;:2,&quot;bulletinNature&quot;:0,&quot;content&quot;:&quot;&lt;p&gt;123123&lt;/p&gt;&quot;,&quot;purchaseType&quot;:1,&quot;sectionName&quot;:&quot;采购项目&quot;,&quot;regionCode&quot;:&quot;130102&quot;,&quot;bulletinId&quot;:&quot;1864953652563087361&quot;,&quot;projectCode&quot;:&quot;123131&quot;,&quot;bulletinPublishTime&quot;:&quot;2024-12-06 16:45:13&quot;,&quot;bulletinStatusVO&quot;:{&quot;bidDocReferEndTime&quot;:&quot;2024-12-06 16:50:57&quot;,&quot;ifChangeBulletin&quot;:true},&quot;id&quot;:&quot;1864954257181839361&quot;,&quot;openBidStartTime&quot;:&quot;2024-12-07 00:00:00&quot;,&quot;materialCode&quot;:&quot;&quot;,&quot;sectionId&quot;:&quot;1864953067763863553&quot;,&quot;bulletinType&quot;:4,&quot;bidDocReferEndTime&quot;:&quot;2024-12-07 00:00:00&quot;,&quot;materialName&quot;:&quot;铜&quot;,&quot;bulletinEndTime&quot;:&quot;2024-12-07 00:00:00&quot;,&quot;bulletinName&quot;:&quot;采购项目&quot;,&quot;tenderOrgan&quot;:&quot;中通建工城建集团有限公司&quot;,&quot;projectName&quot;:&quot;采购项目&quot;,&quot;businessType&quot;:&quot;2&quot;,&quot;projectId&quot;:&quot;1864953065960312834&quot;,&quot;tenderFileEndTime&quot;:&quot;2024-12-07 23:59:00&quot;,&quot;tenderProjectFileId&quot;:&quot;1e3a80816eb2078a8fabaf7ab7ed9ee2&quot;},{&quot;tenderFileStartTime&quot;:&quot;2024-12-05 16:02:24&quot;,&quot;redirectUrl&quot;:&quot;1&quot;,&quot;regionName&quot;:&quot;河北省-石家庄市-长安区&quot;,&quot;projectType&quot;:2,&quot;bulletinNature&quot;:0,&quot;content&quot;:&quot;&lt;p&gt;招标公告&lt;/p&gt;&quot;,&quot;purchaseType&quot;:1,&quot;sectionName&quot;:&quot;mxxtestcg&quot;,&quot;regionCode&quot;:&quot;130102&quot;,&quot;bulletinId&quot;:&quot;1864581197786447874&quot;,&quot;projectCode&quot;:&quot;mxxtestcg&quot;,&quot;bulletinPublishTime&quot;:&quot;2024-12-05 16:03:21&quot;,&quot;bulletinStatusVO&quot;:{&quot;ifChangeBulletin&quot;:false},&quot;id&quot;:&quot;1864581316376072193&quot;,&quot;openBidStartTime&quot;:&quot;2024-12-06 23:00:00&quot;,&quot;materialCode&quot;:&quot;&quot;,&quot;sectionId&quot;:&quot;1864560195987767297&quot;,&quot;bulletinType&quot;:4,&quot;bidDocReferEndTime&quot;:&quot;2024-12-06 23:00:00&quot;,&quot;materialName&quot;:&quot;test&quot;,&quot;bulletinEndTime&quot;:&quot;2024-12-06 23:00:00&quot;,&quot;bulletinName&quot;:&quot;mxxtestcg&quot;,&quot;tenderOrgan&quot;:&quot;中通建工城建集团有限公司&quot;,&quot;projectName&quot;:&quot;mxxtestcg&quot;,&quot;businessType&quot;:&quot;2&quot;,&quot;projectId&quot;:&quot;1864560195069214722&quot;,&quot;tenderFileEndTime&quot;:&quot;2024-12-06 23:59:00&quot;,&quot;tenderProjectFileId&quot;:&quot;4641b7f5106228a7d683bcdfbf7e05f3&quot;},{&quot;tenderFileStartTime&quot;:&quot;2024-12-04 10:22:50&quot;,&quot;redirectUrl&quot;:&quot;1&quot;,&quot;regionName&quot;:&quot;河北省-石家庄市-长安区&quot;,&quot;projectType&quot;:2,&quot;bulletinNature&quot;:1,&quot;content&quot;:&quot;&lt;p&gt;2131&lt;/p&gt;&quot;,&quot;purchaseType&quot;:1,&quot;sectionName&quot;:&quot;测试采购项目&quot;,&quot;regionCode&quot;:&quot;130102&quot;,&quot;bulletinId&quot;:&quot;1864137430063824898&quot;,&quot;projectCode&quot;:&quot;15899999111&quot;,&quot;bulletinPublishTime&quot;:&quot;2024-12-04 10:39:54&quot;,&quot;bulletinStatusVO&quot;:{&quot;bidDocReferEndTime&quot;:&quot;2024-12-04 10:39:12&quot;,&quot;ifChangeBulletin&quot;:true},&quot;id&quot;:&quot;1864137526095974402&quot;,&quot;openBidStartTime&quot;:&quot;2024-12-04 10:39:12&quot;,&quot;materialCode&quot;:&quot;&quot;,&quot;sectionId&quot;:&quot;1864127642294730753&quot;,&quot;bulletinType&quot;:4,&quot;bidDocReferEndTime&quot;:&quot;2024-12-04 10:39:12&quot;,&quot;materialName&quot;:&quot;招聘&quot;,&quot;bulletinEndTime&quot;:&quot;2024-12-04 10:39:12&quot;,&quot;bulletinName&quot;:&quot;测试采购项目&quot;,&quot;tenderOrgan&quot;:&quot;中通建工城建集团有限公司&quot;,&quot;attachmentIds&quot;:&quot;e8829a3058acd839774378b67de4637f&quot;,&quot;projectName&quot;:&quot;测试采购项目&quot;,&quot;businessType&quot;:&quot;2&quot;,&quot;projectId&quot;:&quot;1864127641636225025&quot;,&quot;tenderFileEndTime&quot;:&quot;2024-12-06 23:59:00&quot;,&quot;tenderProjectFileId&quot;:&quot;2c71010bd7cbd9dcc7ecf34a5409447c&quot;},{&quot;tenderFileStartTime&quot;:&quot;2024-12-04 00:00:00&quot;,&quot;redirectUrl&quot;:&quot;1&quot;,&quot;regionName&quot;:&quot;北京市-北京市-东城区&quot;,&quot;projectType&quot;:2,&quot;bulletinNature&quot;:0,&quot;content&quot;:&quot;&lt;p&gt;test&lt;/p&gt;&quot;,&quot;purchaseType&quot;:1,&quot;sectionName&quot;:&quot;测试-耿明硕-测试&quot;,&quot;regionCode&quot;:&quot;110101&quot;,&quot;bulletinId&quot;:&quot;1864134401247854593&quot;,&quot;projectCode&quot;:&quot;测试-耿明硕-测试&quot;,&quot;bulletinPublishTime&quot;:&quot;2024-12-04 10:28:03&quot;,&quot;bulletinStatusVO&quot;:{&quot;ifChangeBulletin&quot;:false},&quot;id&quot;:&quot;1864134546206560258&quot;,&quot;openBidStartTime&quot;:&quot;2024-12-31 00:00:00&quot;,&quot;materialCode&quot;:&quot;&quot;,&quot;sectionId&quot;:&quot;1864110502975823874&quot;,&quot;bulletinType&quot;:4,&quot;bidDocReferEndTime&quot;:&quot;2024-12-31 00:00:00&quot;,&quot;materialName&quot;:&quot;test&quot;,&quot;bulletinEndTime&quot;:&quot;2024-12-31 00:00:00&quot;,&quot;bulletinName&quot;:&quot;测试-耿明硕-测试&quot;,&quot;tenderOrgan&quot;:&quot;河北信投数科供应链管理有限公司&quot;,&quot;projectName&quot;:&quot;测试-耿明硕-测试&quot;,&quot;businessType&quot;:&quot;2&quot;,&quot;projectId&quot;:&quot;1864110501897887746&quot;,&quot;tenderFileEndTime&quot;:&quot;2024-12-31 23:59:00&quot;,&quot;tenderProjectFileId&quot;:&quot;17170e42a730e35d087e67becb306e52&quot;},{&quot;tenderFileStartTime&quot;:&quot;2024-12-04 10:22:50&quot;,&quot;redirectUrl&quot;:&quot;1&quot;,&quot;regionName&quot;:&quot;河北省-石家庄市-长安区&quot;,&quot;projectType&quot;:2,&quot;bulletinNature&quot;:0,&quot;content&quot;:&quot;&lt;p&gt;1231312312311&lt;/p&gt;&quot;,&quot;purchaseType&quot;:1,&quot;sectionName&quot;:&quot;测试采购项目&quot;,&quot;regionCode&quot;:&quot;130102&quot;,&quot;bulletinId&quot;:&quot;1864133301694283777&quot;,&quot;projectCode&quot;:&quot;15899999111&quot;,&quot;bulletinPublishTime&quot;:&quot;2024-12-04 10:23:21&quot;,&quot;bulletinStatusVO&quot;:{&quot;bidDocReferEndTime&quot;:&quot;2024-12-04 10:39:12&quot;,&quot;ifChangeBulletin&quot;:true},&quot;id&quot;:&quot;1864133371906297858&quot;,&quot;openBidStartTime&quot;:&quot;2024-12-06 00:00:00&quot;,&quot;materialCode&quot;:&quot;&quot;,&quot;sectionId&quot;:&quot;1864127642294730753&quot;,&quot;bulletinType&quot;:4,&quot;bidDocReferEndTime&quot;:&quot;2024-12-06 00:00:00&quot;,&quot;materialName&quot;:&quot;招聘&quot;,&quot;bulletinEndTime&quot;:&quot;2024-12-06 00:00:00&quot;,&quot;bulletinName&quot;:&quot;测试采购项目&quot;,&quot;tenderOrgan&quot;:&quot;中通建工城建集团有限公司&quot;,&quot;projectName&quot;:&quot;测试采购项目&quot;,&quot;businessType&quot;:&quot;2&quot;,&quot;projectId&quot;:&quot;1864127641636225025&quot;,&quot;tenderFileEndTime&quot;:&quot;2024-12-06 23:59:00&quot;,&quot;tenderProjectFileId&quot;:&quot;2c71010bd7cbd9dcc7ecf34a5409447c&quot;},{&quot;tenderFileStartTime&quot;:&quot;2024-12-02 00:00:00&quot;,&quot;redirectUrl&quot;:&quot;1&quot;,&quot;regionName&quot;:&quot;北京市-北京市-朝阳区&quot;,&quot;projectType&quot;:2,&quot;bulletinNature&quot;:0,&quot;content&quot;:&quot;&lt;h2 style=\&quot;text-indent: 0.0000pt; mso-pagination: widow-orphan; text-align: center; mso-line-height-alt: 12pt; background: #ffffff; margin: 0.0000pt;\&quot; align=\&quot;center\&quot;&gt;&lt;strong&gt;&lt;span style=\&quot;font-family: 黑体; color: #333333; letter-spacing: 0pt; font-size: 18pt; background-image: initial; background-position: initial; background-size: initial; background-repeat: initial; background-attachment: initial; background-origin: initial; background-clip: initial;\&quot;&gt;中通建工城建集团有限公司 &lt;span class=\&quot;textUnderline zs-custom-template\&quot; data-label-base-attr=&apos;{\&quot;field\&quot;:\&quot;bidSectionName\&quot;,\&quot;name\&quot;:\&quot;标段\&quot;,\&quot;type\&quot;:\&quot;input\&quot;}&apos;&gt;测试合同及物流问题验证项目0930-230-1-3-标段01&lt;/span&gt; &lt;/span&gt;&lt;/strong&gt;&lt;strong&gt;&lt;span style=\&quot;font-family: 黑体; color: #333333; letter-spacing: 0pt; font-size: 18pt; background-image: initial; background-position: initial; background-size: initial; background-repeat: initial; background-attachment: initial; background-origin: initial; background-clip: initial;\&quot;&gt;中标&lt;/span&gt;&lt;/strong&gt;&lt;strong&gt;&lt;span style=\&quot;font-family: 黑体; color: #333333; letter-spacing: 0pt; font-size: 18pt; background-image: initial; background-position: initial; background-size: initial; background-repeat: initial; background-attachment: initial; background-origin: initial; background-clip: initial;\&quot;&gt;结果公示&lt;/span&gt;&lt;/strong&gt;&lt;/h2&gt;\n&lt;p class=\&quot;MsoNormal\&quot; style=\&quot;margin-top: 0.0000pt; margin-right: 0.0000pt; margin-bottom: 0.0000pt; padding: 0pt 0pt 0pt 0pt; mso-pagination: widow-orphan; text-align: justify; text-justify: inter-ideograph;\&quot; align=\&quot;justify\&quot;&gt;&lt;span style=\&quot;mso-spacerun: &apos;yes&apos;; font-family: 仿宋; color: #282828; font-size: 16.0000pt; mso-font-kerning: 0.0000pt; background: #ffffff; mso-shading: #ffffff;\&quot;&gt;&amp;nbsp;&lt;/span&gt;&lt;/p&gt;\n&lt;p class=\&quot;MsoNormal\&quot; style=\&quot;margin-top: 0.0000pt; margin-right: 0.0000pt; margin-bottom: 0.0000pt; padding: 0pt 0pt 0pt 0pt; mso-pagination: widow-orphan; text-align: justify; text-justify: inter-ideograph;\&quot; align=\&quot;justify\&quot;&gt;&lt;span style=\&quot;mso-spacerun: &apos;yes&apos;; font-family: 仿宋; color: #282828; font-size: 16.0000pt; mso-font-kerning: 0.0000pt; background: #ffffff; mso-shading: #ffffff;\&quot;&gt;&amp;nbsp;&lt;/span&gt;&lt;/p&gt;\n&lt;p class=\&quot;MsoNormal\&quot; style=\&quot;margin-top: 0pt; margin-right: 0pt; margin-bottom: 0pt; text-indent: 28pt; padding: 0pt; text-align: justify; line-height: 1.5;\&quot; align=\&quot;justify\&quot;&gt;&lt;span style=\&quot;font-family: FangSong, serif; font-size: 16px;\&quot;&gt;&lt;span style=\&quot;color: #282828; background: #ffffff;\&quot;&gt;&amp;nbsp;中通建工城建集团有限公司 &lt;span class=\&quot;textUnderline zs-custom-template\&quot; data-label-base-attr=&apos;{\&quot;field\&quot;:\&quot;bidSectionName\&quot;,\&quot;name\&quot;:\&quot;标段\&quot;,\&quot;type\&quot;:\&quot;input\&quot;}&apos;&gt;测试合同及物流问题验证项目0930-230-1-3-标段01&lt;/span&gt; &lt;/span&gt;&lt;span style=\&quot;color: #282828; background: #ffffff;\&quot;&gt;项目 &lt;span class=\&quot;textUnderline zs-custom-template\&quot; data-label-base-attr=&apos;{\&quot;field\&quot;:\&quot;tenderTypeName\&quot;,\&quot;name\&quot;:\&quot;招标方式\&quot;,\&quot;type\&quot;:\&quot;input\&quot;}&apos;&gt;公开招标&lt;/span&gt;&amp;nbsp;采购（采购编号： &lt;span class=\&quot;textUnderline zs-custom-template\&quot; data-label-base-attr=&apos;{\&quot;field\&quot;:\&quot;bidSectionCode\&quot;,\&quot;name\&quot;:\&quot;标段编号\&quot;,\&quot;type\&quot;:\&quot;input\&quot;}&apos;&gt;dfsdfdsfLL001&lt;/span&gt;&amp;nbsp;）评审工作已结束，现对中标人予以公示。&lt;/span&gt;&lt;/span&gt;&lt;/p&gt;\n&lt;p class=\&quot;MsoNormal\&quot; style=\&quot;margin: 0pt; text-indent: 32pt; padding: 0pt; line-height: 1.5;\&quot;&gt;&lt;span style=\&quot;font-family: FangSong, serif; color: #282828; font-size: 16px; background: #ffffff;\&quot;&gt;公示时间：&amp;nbsp;&lt;span class=\&quot;textUnderline zs-custom-template\&quot; data-label-base-attr=&apos;{\&quot;field\&quot;:\&quot;announceStartTime\&quot;,\&quot;name\&quot;:\&quot;公式开始时间\&quot;,\&quot;type\&quot;:\&quot;input\&quot;}&apos;&gt;2024-12-02 00:00&lt;/span&gt;&amp;nbsp;至&amp;nbsp;&lt;span class=\&quot;textUnderline zs-custom-template\&quot; data-label-base-attr=&apos;{\&quot;field\&quot;:\&quot;announceEndTime\&quot;,\&quot;name\&quot;:\&quot;公示结束时间\&quot;,\&quot;type\&quot;:\&quot;input\&quot;}&apos;&gt;2024-12-31 00:00&lt;/span&gt;&amp;nbsp;。&lt;/span&gt;&lt;/p&gt;\n&lt;p class=\&quot;MsoNormal\&quot; style=\&quot;margin: 0pt; text-indent: 32pt; padding: 0pt; line-height: 1.5;\&quot;&gt;&lt;span style=\&quot;font-family: FangSong, serif; color: #282828; font-size: 16px; background: #ffffff;\&quot;&gt;采购人：中通建工城建集团有限公司&lt;/span&gt;&lt;/p&gt;\n&lt;p class=\&quot;MsoNormal\&quot; style=\&quot;margin: 0pt; text-indent: 32pt; padding: 0pt; line-height: 1.5;\&quot;&gt;&lt;span style=\&quot;font-family: FangSong, serif; color: #282828; font-size: 16px; background: #ffffff;\&quot;&gt;中标人：&amp;nbsp;&lt;span class=\&quot;textUnderline zs-custom-template\&quot; data-label-base-attr=&apos;{\&quot;field\&quot;:\&quot;bidWinnerBidName\&quot;,\&quot;name\&quot;:\&quot;中标单位名称\&quot;,\&quot;type\&quot;:\&quot;input\&quot;}&apos;&gt;河北冀中肥业有限公司&lt;/span&gt;&amp;nbsp;&lt;/span&gt;&lt;/p&gt;\n&lt;p class=\&quot;MsoNormal\&quot; style=\&quot;margin: 0pt; text-indent: 32pt; padding: 0pt; line-height: 1.5;\&quot;&gt;&lt;span style=\&quot;font-family: FangSong, serif; color: #282828; font-size: 16px; background: #ffffff;\&quot;&gt;在公示期间，对以上公示结果有异议的参选人，以书面形式向采购人反馈意见，并出具相关证明材料，逾期将不再受理。&lt;/span&gt;&lt;/p&gt;\n&lt;p class=\&quot;MsoNormal\&quot; style=\&quot;margin: 0pt; text-indent: 32pt; padding: 0pt; line-height: 1.5;\&quot;&gt;&lt;span style=\&quot;font-family: FangSong, serif; font-size: 16px;\&quot;&gt;&amp;nbsp;&lt;/span&gt;&lt;/p&gt;\n&lt;p class=\&quot;MsoNormal\&quot; style=\&quot;margin: 0pt; text-indent: 32pt; padding: 0pt; line-height: 1.5;\&quot;&gt;&lt;span style=\&quot;font-family: FangSong, serif; font-size: 16px;\&quot;&gt;&amp;nbsp;&lt;/span&gt;&lt;/p&gt;\n&lt;p class=\&quot;MsoNormal\&quot; style=\&quot;margin: 0pt; text-indent: 32pt; padding: 0pt; line-height: 1.5;\&quot;&gt;&lt;span style=\&quot;font-family: FangSong, serif; font-size: 16px;\&quot;&gt;&amp;nbsp;&lt;/span&gt;&lt;/p&gt;\n&lt;p class=\&quot;MsoNormal\&quot; style=\&quot;margin: 0pt; text-indent: 32pt; padding: 0pt; line-height: 1.5;\&quot;&gt;&lt;span style=\&quot;font-family: FangSong, serif; font-size: 16px;\&quot;&gt;&amp;nbsp;&lt;/span&gt;&lt;/p&gt;\n&lt;p class=\&quot;MsoNormal\&quot; style=\&quot;text-indent: 32pt; padding: 0pt; text-align: right; margin: 0pt; line-height: 1.5;\&quot; align=\&quot;right\&quot;&gt;&lt;span style=\&quot;font-family: FangSong, serif; color: #282828; font-size: 16px; background: #ffffff;\&quot;&gt;中通建工城建集团有限公司&lt;/span&gt;&lt;/p&gt;\n&lt;p class=\&quot;MsoNormal\&quot; style=\&quot;text-align: right; line-height: 1.5;\&quot; align=\&quot;right\&quot;&gt;&lt;span class=\&quot;textUnderline zs-custom-template\&quot; data-label-base-attr=&apos;{\&quot;field\&quot;:\&quot;systemData\&quot;,\&quot;name\&quot;:\&quot;系统日期\&quot;,\&quot;type\&quot;:\&quot;input\&quot;}&apos;&gt;2024-12-02&lt;/span&gt;&lt;/p&gt;&quot;,&quot;purchaseType&quot;:1,&quot;sectionName&quot;:&quot;测试合同及物流问题验证项目0930-230-1-3-标段01&quot;,&quot;regionCode&quot;:&quot;110105&quot;,&quot;bulletinId&quot;:&quot;1863475005284401153&quot;,&quot;projectCode&quot;:&quot;dfsdfdsfLL&quot;,&quot;bulletinPublishTime&quot;:&quot;2024-12-02 14:47:32&quot;,&quot;bulletinStatusVO&quot;:{&quot;ifChangeBulletin&quot;:false},&quot;id&quot;:&quot;1863475075616673793&quot;,&quot;openBidStartTime&quot;:&quot;2024-12-31 00:00:00&quot;,&quot;materialCode&quot;:&quot;null&quot;,&quot;sectionId&quot;:&quot;1863415955776045058&quot;,&quot;bulletinType&quot;:9,&quot;bidDocReferEndTime&quot;:&quot;2024-12-31 00:00:00&quot;,&quot;materialName&quot;:&quot;测试货物01-1&quot;,&quot;bulletinEndTime&quot;:&quot;2024-12-31 00:00:00&quot;,&quot;bulletinName&quot;:&quot;测试合同及物流问题验证项目0930-230-1-3-标段01中标结果公告&quot;,&quot;tenderOrgan&quot;:&quot;中通建工城建集团有限公司&quot;,&quot;attachmentIds&quot;:&quot;&quot;,&quot;projectName&quot;:&quot;测试合同及物流问题验证项目0930-230-1-3&quot;,&quot;businessType&quot;:&quot;2&quot;,&quot;projectId&quot;:&quot;1863415953964105729&quot;,&quot;tenderFileEndTime&quot;:&quot;2024-12-31 00:00:00&quot;},{&quot;tenderFileStartTime&quot;:&quot;2024-12-02 00:00:00&quot;,&quot;redirectUrl&quot;:&quot;1&quot;,&quot;regionName&quot;:&quot;北京市-北京市-朝阳区&quot;,&quot;projectType&quot;:2,&quot;bulletinNature&quot;:0,&quot;content&quot;:&quot;c7641e0f796f669de78c9f57b116357c&quot;,&quot;purchaseType&quot;:1,&quot;sectionName&quot;:&quot;测试合同及物流问题验证项目0930-230-1-3-标段01&quot;,&quot;regionCode&quot;:&quot;110105&quot;,&quot;bulletinId&quot;:&quot;1863416924026929153&quot;,&quot;projectCode&quot;:&quot;dfsdfdsfLL&quot;,&quot;bulletinPublishTime&quot;:&quot;2024-12-02 10:56:45&quot;,&quot;bulletinStatusVO&quot;:{&quot;ifChangeBulletin&quot;:false},&quot;id&quot;:&quot;1863417019109281793&quot;,&quot;openBidStartTime&quot;:&quot;2024-12-31 00:00:00&quot;,&quot;materialCode&quot;:&quot;&quot;,&quot;sectionId&quot;:&quot;1863415955776045058&quot;,&quot;bulletinType&quot;:4,&quot;bidDocReferEndTime&quot;:&quot;2024-12-31 00:00:00&quot;,&quot;materialName&quot;:&quot;测试货物01-1&quot;,&quot;bulletinEndTime&quot;:&quot;2024-12-31 00:00:00&quot;,&quot;bulletinName&quot;:&quot;测试合同及物流问题验证项目0930-230-1-3&quot;,&quot;tenderOrgan&quot;:&quot;中通建工城建集团有限公司&quot;,&quot;projectName&quot;:&quot;测试合同及物流问题验证项目0930-230-1-3&quot;,&quot;businessType&quot;:&quot;2&quot;,&quot;projectId&quot;:&quot;1863415953964105729&quot;,&quot;tenderFileEndTime&quot;:&quot;2024-12-31 00:00:00&quot;,&quot;tenderProjectFileId&quot;:&quot;bf1c49984f32574548533eacec04cea7&quot;}]},&quot;timestamp&quot;:&quot;1733705994311&quot;}
jdbc:mysql://192.168.4.82:3306/jy_biz_open_eval?user=root&amp;password=zszc
</system-out>
  </testcase>
  <testcase classname="com.test.demo.ZTJGTest" name="queryWinningBidProjectTest" time="0.978"/>
  <testcase classname="com.test.demo.ZTJGTest" name="queryWinningBidProjectTest" time="0.623"/>
  <testcase classname="com.test.demo.ZTJGTest" name="queryWinningBidProjectTest" time="0.659"/>
  <testcase classname="com.test.demo.ZTJGTest" name="queryWinningBidProjectTest" time="0.663"/>
  <testcase classname="com.test.demo.ZTJGTest" name="submitProjectTest" time="0.512"/>
  <testcase classname="com.test.demo.ZTJGTest" name="completeTest" time="5.618"/>
</testsuite>