<?xml version="1.0" encoding="UTF-8"?>
<testng-results total="7" passed="6" failed="1" skipped="0">
  <reporter-output>
    <line>
      <![CDATA[PassedTests = queryWinningBidProjectTest]]>
    </line>
    <line>
      <![CDATA[PassedTests = queryWinningBidProjectTest]]>
    </line>
    <line>
      <![CDATA[PassedTests = submitProjectTest]]>
    </line>
    <line>
      <![CDATA[PassedTests = completeTest]]>
    </line>
    <line>
      <![CDATA[PassedTests = queryWinningBidProjectTest]]>
    </line>
    <line>
      <![CDATA[PassedTests = queryWinningBidProjectTest]]>
    </line>
    <line>
      <![CDATA[failedTest = getTest]]>
    </line>
  </reporter-output>
  <suite started-at="2024-12-09T00:59:51Z" name="All Test Suite" finished-at="2024-12-09T01:00:03Z" duration-ms="12314">
    <groups>
    </groups>
    <test started-at="2024-12-09T00:59:51Z" name="ZSZC-autotest" finished-at="2024-12-09T01:00:03Z" duration-ms="12314">
      <class name="com.test.demo.ZTJGTest">
        <test-method is-config="true" signature="getLoginToken()[pri:0, instance:com.test.demo.ZTJGTest@4562e04d]" started-at="2024-12-09T08:59:51Z" name="getLoginToken" description="获取tenderee-招标人的token" finished-at="2024-12-09T08:59:53Z" duration-ms="2127" status="PASS">
          <reporter-output>
          </reporter-output>
        </test-method> <!-- getLoginToken -->
        <test-method signature="getTest()[pri:0, instance:com.test.demo.ZTJGTest@4562e04d]" started-at="2024-12-09T08:59:53Z" name="getTest" description="GET请求-招标采购列表" finished-at="2024-12-09T08:59:54Z" duration-ms="1116" status="FAIL">
          <exception class="java.lang.AssertionError">
            <message>
              <![CDATA[expected [11] but found [3]]]>
            </message>
            <full-stacktrace>
              <![CDATA[java.lang.AssertionError: expected [11] but found [3]
	at org.testng.Assert.fail(Assert.java:94)
	at org.testng.Assert.failNotEquals(Assert.java:494)
	at org.testng.Assert.assertEquals(Assert.java:123)
	at org.testng.Assert.assertEquals(Assert.java:370)
	at org.testng.Assert.assertEquals(Assert.java:380)
	at com.test.demo.ZTJGTest.getTest(ZTJGTest.java:96)
	at java.base/jdk.internal.reflect.NativeMethodAccessorImpl.invoke0(Native Method)
	at java.base/jdk.internal.reflect.NativeMethodAccessorImpl.invoke(NativeMethodAccessorImpl.java:62)
	at java.base/jdk.internal.reflect.DelegatingMethodAccessorImpl.invoke(DelegatingMethodAccessorImpl.java:43)
	at java.base/java.lang.reflect.Method.invoke(Method.java:566)
	at org.testng.internal.MethodInvocationHelper.invokeMethod(MethodInvocationHelper.java:84)
	at org.testng.internal.Invoker.invokeMethod(Invoker.java:714)
	at org.testng.internal.Invoker.invokeTestMethod(Invoker.java:901)
	at org.testng.internal.Invoker.invokeTestMethods(Invoker.java:1231)
	at org.testng.internal.TestMethodWorker.invokeTestMethods(TestMethodWorker.java:127)
	at org.testng.internal.TestMethodWorker.run(TestMethodWorker.java:111)
	at org.testng.TestRunner.privateRun(TestRunner.java:767)
	at org.testng.TestRunner.run(TestRunner.java:617)
	at org.testng.SuiteRunner.runTest(SuiteRunner.java:348)
	at org.testng.SuiteRunner.runSequentially(SuiteRunner.java:343)
	at org.testng.SuiteRunner.privateRun(SuiteRunner.java:305)
	at org.testng.SuiteRunner.run(SuiteRunner.java:254)
	at org.testng.SuiteRunnerWorker.runSuite(SuiteRunnerWorker.java:52)
	at org.testng.SuiteRunnerWorker.run(SuiteRunnerWorker.java:86)
	at org.testng.TestNG.runSuitesSequentially(TestNG.java:1224)
	at org.testng.TestNG.runSuitesLocally(TestNG.java:1149)
	at org.testng.TestNG.run(TestNG.java:1057)
	at org.apache.maven.surefire.testng.TestNGExecutor.run(TestNGExecutor.java:74)
	at org.apache.maven.surefire.testng.TestNGXmlTestSuite.execute(TestNGXmlTestSuite.java:93)
	at org.apache.maven.surefire.testng.TestNGProvider.invoke(TestNGProvider.java:101)
	at java.base/jdk.internal.reflect.NativeMethodAccessorImpl.invoke0(Native Method)
	at java.base/jdk.internal.reflect.NativeMethodAccessorImpl.invoke(NativeMethodAccessorImpl.java:62)
	at java.base/jdk.internal.reflect.DelegatingMethodAccessorImpl.invoke(DelegatingMethodAccessorImpl.java:43)
	at java.base/java.lang.reflect.Method.invoke(Method.java:566)
	at org.apache.maven.surefire.booter.ProviderFactory$ClassLoaderProxy.invoke(ProviderFactory.java:103)
	at com.sun.proxy.$Proxy0.invoke(Unknown Source)
	at org.apache.maven.surefire.booter.SurefireStarter.invokeProvider(SurefireStarter.java:145)
	at org.apache.maven.surefire.booter.SurefireStarter.runSuitesInProcess(SurefireStarter.java:87)
	at org.apache.maven.surefire.booter.ForkedBooter.main(ForkedBooter.java:69)
]]>
            </full-stacktrace>
          </exception> <!-- java.lang.AssertionError -->
          <reporter-output>
          </reporter-output>
        </test-method> <!-- getTest -->
        <test-method signature="queryWinningBidProjectTest(java.lang.String, java.lang.String)[pri:0, instance:com.test.demo.ZTJGTest@4562e04d]" started-at="2024-12-09T08:59:54Z" name="queryWinningBidProjectTest" description="根据项目名称、审核状态，搜索中标项目" data-provider="testData" finished-at="2024-12-09T08:59:55Z" duration-ms="979" status="PASS">
          <params>
            <param index="0">
              <value>
                <![CDATA[测试]]>
              </value>
            </param>
            <param index="1">
              <value>
                <![CDATA[2]]>
              </value>
            </param>
          </params>
          <reporter-output>
          </reporter-output>
        </test-method> <!-- queryWinningBidProjectTest -->
        <test-method signature="queryWinningBidProjectTest(java.lang.String, java.lang.String)[pri:0, instance:com.test.demo.ZTJGTest@4562e04d]" started-at="2024-12-09T08:59:55Z" name="queryWinningBidProjectTest" description="根据项目名称、审核状态，搜索中标项目" data-provider="testData" finished-at="2024-12-09T08:59:56Z" duration-ms="624" status="PASS">
          <params>
            <param index="0">
              <value>
                <![CDATA[科菲]]>
              </value>
            </param>
            <param index="1">
              <value>
                <![CDATA[]]>
              </value>
            </param>
          </params>
          <reporter-output>
          </reporter-output>
        </test-method> <!-- queryWinningBidProjectTest -->
        <test-method signature="queryWinningBidProjectTest(java.lang.String, java.lang.String)[pri:0, instance:com.test.demo.ZTJGTest@4562e04d]" started-at="2024-12-09T08:59:56Z" name="queryWinningBidProjectTest" description="根据项目名称、审核状态，搜索中标项目" data-provider="testData" finished-at="2024-12-09T08:59:57Z" duration-ms="659" status="PASS">
          <params>
            <param index="0">
              <value>
                <![CDATA[autoTest]]>
              </value>
            </param>
            <param index="1">
              <value>
                <![CDATA[]]>
              </value>
            </param>
          </params>
          <reporter-output>
          </reporter-output>
        </test-method> <!-- queryWinningBidProjectTest -->
        <test-method signature="queryWinningBidProjectTest(java.lang.String, java.lang.String)[pri:0, instance:com.test.demo.ZTJGTest@4562e04d]" started-at="2024-12-09T08:59:57Z" name="queryWinningBidProjectTest" description="根据项目名称、审核状态，搜索中标项目" data-provider="testData" finished-at="2024-12-09T08:59:57Z" duration-ms="663" status="PASS">
          <params>
            <param index="0">
              <value>
                <![CDATA[]]>
              </value>
            </param>
            <param index="1">
              <value>
                <![CDATA[0]]>
              </value>
            </param>
          </params>
          <reporter-output>
          </reporter-output>
        </test-method> <!-- queryWinningBidProjectTest -->
        <test-method signature="submitProjectTest()[pri:0, instance:com.test.demo.ZTJGTest@4562e04d]" started-at="2024-12-09T08:59:57Z" name="submitProjectTest" description="POST请求-submit中标项目" finished-at="2024-12-09T08:59:58Z" duration-ms="512" status="PASS">
          <reporter-output>
          </reporter-output>
        </test-method> <!-- submitProjectTest -->
        <test-method signature="completeTest()[pri:0, instance:com.test.demo.ZTJGTest@4562e04d]" started-at="2024-12-09T08:59:58Z" name="completeTest" description="PUT请求-处理工单-审核项目-审核通过" finished-at="2024-12-09T09:00:03Z" duration-ms="5618" status="PASS">
          <reporter-output>
          </reporter-output>
        </test-method> <!-- completeTest -->
      </class> <!-- com.test.demo.ZTJGTest -->
    </test> <!-- ZSZC-autotest -->
  </suite> <!-- All Test Suite -->
</testng-results>
