<?xml version="1.0" encoding="UTF-8"?>
<!-- Generated by org.testng.reporters.JUnitXMLReporter -->
<testsuite hostname="CHINAMI-C4DUIFB" failures="1" tests="7" name="ZSZC-autotest" time="12.314" errors="0" timestamp="9 Dec 2024 01:00:03 GMT">
  <testcase classname="com.test.demo.ZTJGTest" name="getTest" time="1.116">
    <failure type="java.lang.AssertionError" message="expected [11] but found [3]">
      <![CDATA[java.lang.AssertionError: expected [11] but found [3]
	at com.test.demo.ZTJGTest.getTest(ZTJGTest.java:96)
	at com.sun.proxy.$Proxy0.invoke(Unknown Source)
... Removed 37 stack frames]]>
    </failure>
  </testcase> <!-- getTest -->
  <testcase classname="com.test.demo.ZTJGTest" name="queryWinningBidProjectTest" time="0.979"/>
  <testcase classname="com.test.demo.ZTJGTest" name="queryWinningBidProjectTest" time="0.624"/>
  <testcase classname="com.test.demo.ZTJGTest" name="queryWinningBidProjectTest" time="0.659"/>
  <testcase classname="com.test.demo.ZTJGTest" name="queryWinningBidProjectTest" time="0.663"/>
  <testcase classname="com.test.demo.ZTJGTest" name="submitProjectTest" time="0.512"/>
  <testcase classname="com.test.demo.ZTJGTest" name="completeTest" time="5.618"/>
</testsuite> <!-- ZSZC-autotest -->
